[2m2026-05-08T21:12:38.345267Z[0m [33m WARN[0m [2mralph::loop_runner[0m[2m:[0m Interactive mode requested but stdout is not a TTY, falling back to autonomous
[2m2026-05-08T21:12:38.350364Z[0m [32m INFO[0m [2mralph_core::event_loop[0m[2m:[0m Memory injection check: enabled=true, inject=Auto, workspace_root="/Users/lisatok/not_work/git_widget"
[2m2026-05-08T21:12:38.350528Z[0m [32m INFO[0m [2mralph_core::event_loop[0m[2m:[0m Looking for memories at: "/Users/lisatok/not_work/git_widget/.ralph/agent/memories.md" (exists: true)
[2m2026-05-08T21:12:38.351579Z[0m [32m INFO[0m [2mralph_core::event_loop[0m[2m:[0m Successfully loaded 3 memories from store
[2m2026-05-08T21:12:38.351593Z[0m [32m INFO[0m [2mralph_core::event_loop[0m[2m:[0m Injecting 3 memories (994 chars) into prompt
[2m2026-05-08T21:14:29.600491Z[0m [32m INFO[0m [2mralph_core::event_loop[0m[2m:[0m Memory injection check: enabled=true, inject=Auto, workspace_root="/Users/lisatok/not_work/git_widget"
[2m2026-05-08T21:14:29.600521Z[0m [32m INFO[0m [2mralph_core::event_loop[0m[2m:[0m Looking for memories at: "/Users/lisatok/not_work/git_widget/.ralph/agent/memories.md" (exists: true)
[2m2026-05-08T21:14:29.600641Z[0m [32m INFO[0m [2mralph_core::event_loop[0m[2m:[0m Successfully loaded 3 memories from store
[2m2026-05-08T21:14:29.600661Z[0m [32m INFO[0m [2mralph_core::event_loop[0m[2m:[0m Injecting 3 memories (994 chars) into prompt
[2m2026-05-08T21:14:29.600815Z[0m [32m INFO[0m [2mralph_core::event_loop[0m[2m:[0m Injecting ready tasks (2 ready, 2 open, 0 closed) into prompt
[2m2026-05-08T21:16:06.052696Z[0m [32m INFO[0m [2mralph_core::event_loop[0m[2m:[0m Memory injection check: enabled=true, inject=Auto, workspace_root="/Users/lisatok/not_work/git_widget"
[2m2026-05-08T21:16:06.052720Z[0m [32m INFO[0m [2mralph_core::event_loop[0m[2m:[0m Looking for memories at: "/Users/lisatok/not_work/git_widget/.ralph/agent/memories.md" (exists: true)
[2m2026-05-08T21:16:06.052824Z[0m [32m INFO[0m [2mralph_core::event_loop[0m[2m:[0m Successfully loaded 3 memories from store
[2m2026-05-08T21:16:06.052836Z[0m [32m INFO[0m [2mralph_core::event_loop[0m[2m:[0m Injecting 3 memories (994 chars) into prompt
[2m2026-05-08T21:16:06.052988Z[0m [32m INFO[0m [2mralph_core::event_loop[0m[2m:[0m Injecting ready tasks (1 ready, 2 open, 0 closed) into prompt
[2m2026-05-08T21:17:19.993470Z[0m [32m INFO[0m [2mralph_core::event_loop[0m[2m:[0m Memory injection check: enabled=true, inject=Auto, workspace_root="/Users/lisatok/not_work/git_widget"
[2m2026-05-08T21:17:19.993512Z[0m [32m INFO[0m [2mralph_core::event_loop[0m[2m:[0m Looking for memories at: "/Users/lisatok/not_work/git_widget/.ralph/agent/memories.md" (exists: true)
[2m2026-05-08T21:17:19.993625Z[0m [32m INFO[0m [2mralph_core::event_loop[0m[2m:[0m Successfully loaded 3 memories from store
[2m2026-05-08T21:17:19.993639Z[0m [32m INFO[0m [2mralph_core::event_loop[0m[2m:[0m Injecting 3 memories (994 chars) into prompt
[2m2026-05-08T21:17:19.993687Z[0m [32m INFO[0m [2mralph_core::event_loop[0m[2m:[0m Injecting scratchpad (1273 chars) into prompt
[2m2026-05-08T21:17:19.993844Z[0m [32m INFO[0m [2mralph_core::event_loop[0m[2m:[0m Injecting ready tasks (1 ready, 2 open, 0 closed) into prompt
[2m2026-05-08T21:19:34.419219Z[0m [32m INFO[0m [2mralph_core::event_loop[0m[2m:[0m Memory injection check: enabled=true, inject=Auto, workspace_root="/Users/lisatok/not_work/git_widget"
[2m2026-05-08T21:19:34.419250Z[0m [32m INFO[0m [2mralph_core::event_loop[0m[2m:[0m Looking for memories at: "/Users/lisatok/not_work/git_widget/.ralph/agent/memories.md" (exists: true)
[2m2026-05-08T21:19:34.419362Z[0m [32m INFO[0m [2mralph_core::event_loop[0m[2m:[0m Successfully loaded 3 memories from store
[2m2026-05-08T21:19:34.419378Z[0m [32m INFO[0m [2mralph_core::event_loop[0m[2m:[0m Injecting 3 memories (994 chars) into prompt
[2m2026-05-08T21:19:34.419425Z[0m [32m INFO[0m [2mralph_core::event_loop[0m[2m:[0m Injecting scratchpad (2677 chars) into prompt
[2m2026-05-08T21:19:34.419573Z[0m [32m INFO[0m [2mralph_core::event_loop[0m[2m:[0m Injecting ready tasks (1 ready, 2 open, 0 closed) into prompt
[2m2026-05-08T21:25:11.642060Z[0m [32m INFO[0m [2mralph_core::event_loop[0m[2m:[0m Memory injection check: enabled=true, inject=Auto, workspace_root="/Users/lisatok/not_work/git_widget"
[2m2026-05-08T21:25:11.642091Z[0m [32m INFO[0m [2mralph_core::event_loop[0m[2m:[0m Looking for memories at: "/Users/lisatok/not_work/git_widget/.ralph/agent/memories.md" (exists: true)
[2m2026-05-08T21:25:11.642235Z[0m [32m INFO[0m [2mralph_core::event_loop[0m[2m:[0m Successfully loaded 3 memories from store
[2m2026-05-08T21:25:11.642247Z[0m [32m INFO[0m [2mralph_core::event_loop[0m[2m:[0m Injecting 3 memories (994 chars) into prompt
[2m2026-05-08T21:25:11.642295Z[0m [32m INFO[0m [2mralph_core::event_loop[0m[2m:[0m Injecting scratchpad (4832 chars) into prompt
[2m2026-05-08T21:25:11.642445Z[0m [32m INFO[0m [2mralph_core::event_loop[0m[2m:[0m Injecting ready tasks (1 ready, 2 open, 0 closed) into prompt
[2m2026-05-08T21:26:25.548779Z[0m [32m INFO[0m [2mralph_core::event_loop[0m[2m:[0m Memory injection check: enabled=true, inject=Auto, workspace_root="/Users/lisatok/not_work/git_widget"
[2m2026-05-08T21:26:25.548812Z[0m [32m INFO[0m [2mralph_core::event_loop[0m[2m:[0m Looking for memories at: "/Users/lisatok/not_work/git_widget/.ralph/agent/memories.md" (exists: true)
[2m2026-05-08T21:26:25.548924Z[0m [32m INFO[0m [2mralph_core::event_loop[0m[2m:[0m Successfully loaded 3 memories from store
[2m2026-05-08T21:26:25.548936Z[0m [32m INFO[0m [2mralph_core::event_loop[0m[2m:[0m Injecting 3 memories (994 chars) into prompt
[2m2026-05-08T21:26:25.548980Z[0m [32m INFO[0m [2mralph_core::event_loop[0m[2m:[0m Injecting scratchpad (6557 chars) into prompt
[2m2026-05-08T21:26:25.549133Z[0m [32m INFO[0m [2mralph_core::event_loop[0m[2m:[0m Injecting ready tasks (1 ready, 1 open, 1 closed) into prompt
[2m2026-05-08T21:27:16.938742Z[0m [32m INFO[0m [2mralph_core::event_loop[0m[2m:[0m Memory injection check: enabled=true, inject=Auto, workspace_root="/Users/lisatok/not_work/git_widget"
[2m2026-05-08T21:27:16.938768Z[0m [32m INFO[0m [2mralph_core::event_loop[0m[2m:[0m Looking for memories at: "/Users/lisatok/not_work/git_widget/.ralph/agent/memories.md" (exists: true)
[2m2026-05-08T21:27:16.938877Z[0m [32m INFO[0m [2mralph_core::event_loop[0m[2m:[0m Successfully loaded 3 memories from store
[2m2026-05-08T21:27:16.938894Z[0m [32m INFO[0m [2mralph_core::event_loop[0m[2m:[0m Injecting 3 memories (994 chars) into prompt
[2m2026-05-08T21:27:16.938945Z[0m [32m INFO[0m [2mralph_core::event_loop[0m[2m:[0m Injecting scratchpad (8346 chars) into prompt
[2m2026-05-08T21:27:16.939094Z[0m [32m INFO[0m [2mralph_core::event_loop[0m[2m:[0m Injecting ready tasks (1 ready, 1 open, 1 closed) into prompt
[2m2026-05-08T21:31:41.813547Z[0m [32m INFO[0m [2mralph_core::event_loop[0m[2m:[0m Memory injection check: enabled=true, inject=Auto, workspace_root="/Users/lisatok/not_work/git_widget"
[2m2026-05-08T21:31:41.813574Z[0m [32m INFO[0m [2mralph_core::event_loop[0m[2m:[0m Looking for memories at: "/Users/lisatok/not_work/git_widget/.ralph/agent/memories.md" (exists: true)
[2m2026-05-08T21:31:41.813677Z[0m [32m INFO[0m [2mralph_core::event_loop[0m[2m:[0m Successfully loaded 3 memories from store
[2m2026-05-08T21:31:41.813688Z[0m [32m INFO[0m [2mralph_core::event_loop[0m[2m:[0m Injecting 3 memories (994 chars) into prompt
[2m2026-05-08T21:31:41.813737Z[0m [32m INFO[0m [2mralph_core::event_loop[0m[2m:[0m Injecting scratchpad (10793 chars) into prompt
[2m2026-05-08T21:31:41.813866Z[0m [32m INFO[0m [2mralph_core::event_loop[0m[2m:[0m Injecting ready tasks (0 ready, 1 open, 1 closed) into prompt
[2m2026-05-08T21:41:06.628466Z[0m [32m INFO[0m [2mralph_core::event_loop[0m[2m:[0m Memory injection check: enabled=true, inject=Auto, workspace_root="/Users/lisatok/not_work/git_widget"
[2m2026-05-08T21:41:06.628529Z[0m [32m INFO[0m [2mralph_core::event_loop[0m[2m:[0m Looking for memories at: "/Users/lisatok/not_work/git_widget/.ralph/agent/memories.md" (exists: true)
[2m2026-05-08T21:41:06.628659Z[0m [32m INFO[0m [2mralph_core::event_loop[0m[2m:[0m Successfully loaded 3 memories from store
[2m2026-05-08T21:41:06.628672Z[0m [32m INFO[0m [2mralph_core::event_loop[0m[2m:[0m Injecting 3 memories (994 chars) into prompt
[2m2026-05-08T21:41:06.628730Z[0m [32m INFO[0m [2mralph_core::event_loop[0m[2m:[0m Injecting scratchpad (16277 chars) into prompt
[2m2026-05-08T21:41:06.628884Z[0m [32m INFO[0m [2mralph_core::event_loop[0m[2m:[0m Injecting ready tasks (0 ready, 1 open, 1 closed) into prompt
[2m2026-05-08T21:45:54.578514Z[0m [32m INFO[0m [2mralph_core::event_loop[0m[2m:[0m Memory injection check: enabled=true, inject=Auto, workspace_root="/Users/lisatok/not_work/git_widget"
[2m2026-05-08T21:45:54.578551Z[0m [32m INFO[0m [2mralph_core::event_loop[0m[2m:[0m Looking for memories at: "/Users/lisatok/not_work/git_widget/.ralph/agent/memories.md" (exists: true)
[2m2026-05-08T21:45:54.578676Z[0m [32m INFO[0m [2mralph_core::event_loop[0m[2m:[0m Successfully loaded 3 memories from store
[2m2026-05-08T21:45:54.578690Z[0m [32m INFO[0m [2mralph_core::event_loop[0m[2m:[0m Injecting 3 memories (994 chars) into prompt
[2m2026-05-08T21:45:54.578742Z[0m [32m INFO[0m [2mralph_core::event_loop[0m[2m:[0m Injecting scratchpad (16496 chars) into prompt
[2m2026-05-08T21:45:54.578882Z[0m [32m INFO[0m [2mralph_core::event_loop[0m[2m:[0m Injecting ready tasks (0 ready, 1 open, 1 closed) into prompt
[2m2026-05-08T21:48:32.549885Z[0m [32m INFO[0m [2mralph_core::event_loop[0m[2m:[0m Memory injection check: enabled=true, inject=Auto, workspace_root="/Users/lisatok/not_work/git_widget"
[2m2026-05-08T21:48:32.549916Z[0m [32m INFO[0m [2mralph_core::event_loop[0m[2m:[0m Looking for memories at: "/Users/lisatok/not_work/git_widget/.ralph/agent/memories.md" (exists: true)
[2m2026-05-08T21:48:32.550028Z[0m [32m INFO[0m [2mralph_core::event_loop[0m[2m:[0m Successfully loaded 3 memories from store
[2m2026-05-08T21:48:32.550040Z[0m [32m INFO[0m [2mralph_core::event_loop[0m[2m:[0m Injecting 3 memories (994 chars) into prompt
[2m2026-05-08T21:48:32.550105Z[0m [32m INFO[0m [2mralph_core::event_loop[0m[2m:[0m Injecting scratchpad (16894 chars) into prompt
[2m2026-05-08T21:48:32.550255Z[0m [32m INFO[0m [2mralph_core::event_loop[0m[2m:[0m Injecting ready tasks (0 ready, 1 open, 1 closed) into prompt
[2m2026-05-08T21:56:39.366453Z[0m [32m INFO[0m [2mralph_core::event_loop[0m[2m:[0m Memory injection check: enabled=true, inject=Auto, workspace_root="/Users/lisatok/not_work/git_widget"
[2m2026-05-08T21:56:39.366531Z[0m [32m INFO[0m [2mralph_core::event_loop[0m[2m:[0m Looking for memories at: "/Users/lisatok/not_work/git_widget/.ralph/agent/memories.md" (exists: true)
[2m2026-05-08T21:56:39.366745Z[0m [32m INFO[0m [2mralph_core::event_loop[0m[2m:[0m Successfully loaded 3 memories from store
[2m2026-05-08T21:56:39.366769Z[0m [32m INFO[0m [2mralph_core::event_loop[0m[2m:[0m Injecting 3 memories (994 chars) into prompt
[2m2026-05-08T21:56:39.366888Z[0m [32m INFO[0m [2mralph_core::event_loop[0m[2m:[0m Injecting scratchpad (17001 chars) into prompt
[2m2026-05-08T21:56:39.367087Z[0m [32m INFO[0m [2mralph_core::event_loop[0m[2m:[0m Injecting ready tasks (0 ready, 1 open, 1 closed) into prompt
[2m2026-05-08T21:58:54.681078Z[0m [32m INFO[0m [2mralph_core::event_loop[0m[2m:[0m Memory injection check: enabled=true, inject=Auto, workspace_root="/Users/lisatok/not_work/git_widget"
[2m2026-05-08T21:58:54.681106Z[0m [32m INFO[0m [2mralph_core::event_loop[0m[2m:[0m Looking for memories at: "/Users/lisatok/not_work/git_widget/.ralph/agent/memories.md" (exists: true)
[2m2026-05-08T21:58:54.681231Z[0m [32m INFO[0m [2mralph_core::event_loop[0m[2m:[0m Successfully loaded 3 memories from store
[2m2026-05-08T21:58:54.681242Z[0m [32m INFO[0m [2mralph_core::event_loop[0m[2m:[0m Injecting 3 memories (994 chars) into prompt
[2m2026-05-08T21:58:54.681312Z[0m [32m INFO[0m [2mralph_core::event_loop[0m[2m:[0m Injecting scratchpad (17145 chars) into prompt
[2m2026-05-08T21:58:54.681478Z[0m [32m INFO[0m [2mralph_core::event_loop[0m[2m:[0m Injecting ready tasks (0 ready, 1 open, 1 closed) into prompt
[2m2026-05-08T22:01:33.753245Z[0m [32m INFO[0m [2mralph_core::event_loop[0m[2m:[0m Completion event detected in JSONL [3mtopic[0m[2m=[0mLOOP_COMPLETE
[2m2026-05-08T22:01:33.753500Z[0m [32m INFO[0m [2mralph_core::event_loop[0m[2m:[0m Completion event detected - terminating
[2m2026-05-08T22:01:33.753513Z[0m [32m INFO[0m [2mralph::loop_runner[0m[2m:[0m Completion event LOOP_COMPLETE detected.
[2m2026-05-08T22:01:33.753530Z[0m [32m INFO[0m [2mralph_core::event_loop[0m[2m:[0m Wrapping up: completed. 14 iterations in 48m 55s. [3mreason[0m[2m=[0mcompleted [3miterations[0m[2m=[0m14 [3mduration[0m[2m=[0m48m 55s
[2m2026-05-08T22:01:33.764486Z[0m [32m INFO[0m [2mralph_core::landing[0m[2m:[0m Beginning landing sequence [3mloop_id[0m[2m=[0mprimary
[2m2026-05-08T22:01:33.764615Z[0m [33m WARN[0m [2mralph_core::landing[0m[2m:[0m Landing with 1 open tasks [3mloop_id[0m[2m=[0mprimary [3mopen_tasks[0m[2m=[0m["task-1778211554-aa6a"]
