[2m2026-05-08T23:19:46.359897Z[0m [33m WARN[0m [2mralph::loop_runner[0m[2m:[0m Interactive mode requested but stdout is not a TTY, falling back to autonomous
[2m2026-05-08T23:19:46.362460Z[0m [32m INFO[0m [2mralph_core::event_loop[0m[2m:[0m Memory injection check: enabled=true, inject=Auto, workspace_root="/Users/lisatok/not_work/git_widget"
[2m2026-05-08T23:19:46.362483Z[0m [32m INFO[0m [2mralph_core::event_loop[0m[2m:[0m Looking for memories at: "/Users/lisatok/not_work/git_widget/.ralph/agent/memories.md" (exists: true)
[2m2026-05-08T23:19:46.363376Z[0m [32m INFO[0m [2mralph_core::event_loop[0m[2m:[0m Successfully loaded 3 memories from store
[2m2026-05-08T23:19:46.363396Z[0m [32m INFO[0m [2mralph_core::event_loop[0m[2m:[0m Injecting 3 memories (994 chars) into prompt
[2m2026-05-08T23:21:09.114502Z[0m [32m INFO[0m [2mralph_core::event_loop[0m[2m:[0m Memory injection check: enabled=true, inject=Auto, workspace_root="/Users/lisatok/not_work/git_widget"
[2m2026-05-08T23:21:09.114531Z[0m [32m INFO[0m [2mralph_core::event_loop[0m[2m:[0m Looking for memories at: "/Users/lisatok/not_work/git_widget/.ralph/agent/memories.md" (exists: true)
[2m2026-05-08T23:21:09.114680Z[0m [32m INFO[0m [2mralph_core::event_loop[0m[2m:[0m Successfully loaded 3 memories from store
[2m2026-05-08T23:21:09.114694Z[0m [32m INFO[0m [2mralph_core::event_loop[0m[2m:[0m Injecting 3 memories (994 chars) into prompt
[2m2026-05-08T23:21:09.114762Z[0m [32m INFO[0m [2mralph_core::event_loop[0m[2m:[0m Injecting scratchpad (1395 chars) into prompt
[2m2026-05-08T23:21:09.114938Z[0m [32m INFO[0m [2mralph_core::event_loop[0m[2m:[0m Injecting ready tasks (3 ready, 3 open, 0 closed) into prompt
[2m2026-05-08T23:22:09.482780Z[0m [32m INFO[0m [2mralph_core::event_loop[0m[2m:[0m Memory injection check: enabled=true, inject=Auto, workspace_root="/Users/lisatok/not_work/git_widget"
[2m2026-05-08T23:22:09.482814Z[0m [32m INFO[0m [2mralph_core::event_loop[0m[2m:[0m Looking for memories at: "/Users/lisatok/not_work/git_widget/.ralph/agent/memories.md" (exists: true)
[2m2026-05-08T23:22:09.482938Z[0m [32m INFO[0m [2mralph_core::event_loop[0m[2m:[0m Successfully loaded 3 memories from store
[2m2026-05-08T23:22:09.482959Z[0m [32m INFO[0m [2mralph_core::event_loop[0m[2m:[0m Injecting 3 memories (994 chars) into prompt
[2m2026-05-08T23:22:09.483012Z[0m [32m INFO[0m [2mralph_core::event_loop[0m[2m:[0m Injecting scratchpad (1395 chars) into prompt
[2m2026-05-08T23:22:09.483160Z[0m [32m INFO[0m [2mralph_core::event_loop[0m[2m:[0m Injecting ready tasks (2 ready, 2 open, 1 closed) into prompt
[2m2026-05-08T23:23:03.520483Z[0m [32m INFO[0m [2mralph_core::event_loop[0m[2m:[0m Memory injection check: enabled=true, inject=Auto, workspace_root="/Users/lisatok/not_work/git_widget"
[2m2026-05-08T23:23:03.520507Z[0m [32m INFO[0m [2mralph_core::event_loop[0m[2m:[0m Looking for memories at: "/Users/lisatok/not_work/git_widget/.ralph/agent/memories.md" (exists: true)
[2m2026-05-08T23:23:03.520620Z[0m [32m INFO[0m [2mralph_core::event_loop[0m[2m:[0m Successfully loaded 3 memories from store
[2m2026-05-08T23:23:03.520634Z[0m [32m INFO[0m [2mralph_core::event_loop[0m[2m:[0m Injecting 3 memories (994 chars) into prompt
[2m2026-05-08T23:23:03.520686Z[0m [32m INFO[0m [2mralph_core::event_loop[0m[2m:[0m Injecting scratchpad (3080 chars) into prompt
[2m2026-05-08T23:23:03.520834Z[0m [32m INFO[0m [2mralph_core::event_loop[0m[2m:[0m Injecting ready tasks (2 ready, 2 open, 1 closed) into prompt
[2m2026-05-08T23:23:42.548565Z[0m [32m INFO[0m [2mralph_core::event_loop[0m[2m:[0m Memory injection check: enabled=true, inject=Auto, workspace_root="/Users/lisatok/not_work/git_widget"
[2m2026-05-08T23:23:42.548599Z[0m [32m INFO[0m [2mralph_core::event_loop[0m[2m:[0m Looking for memories at: "/Users/lisatok/not_work/git_widget/.ralph/agent/memories.md" (exists: true)
[2m2026-05-08T23:23:42.548712Z[0m [32m INFO[0m [2mralph_core::event_loop[0m[2m:[0m Successfully loaded 3 memories from store
[2m2026-05-08T23:23:42.548735Z[0m [32m INFO[0m [2mralph_core::event_loop[0m[2m:[0m Injecting 3 memories (994 chars) into prompt
[2m2026-05-08T23:23:42.548790Z[0m [32m INFO[0m [2mralph_core::event_loop[0m[2m:[0m Injecting scratchpad (3080 chars) into prompt
[2m2026-05-08T23:23:42.548943Z[0m [32m INFO[0m [2mralph_core::event_loop[0m[2m:[0m Injecting ready tasks (1 ready, 1 open, 2 closed) into prompt
[2m2026-05-08T23:24:29.352848Z[0m [32m INFO[0m [2mralph_core::event_loop[0m[2m:[0m Memory injection check: enabled=true, inject=Auto, workspace_root="/Users/lisatok/not_work/git_widget"
[2m2026-05-08T23:24:29.352878Z[0m [32m INFO[0m [2mralph_core::event_loop[0m[2m:[0m Looking for memories at: "/Users/lisatok/not_work/git_widget/.ralph/agent/memories.md" (exists: true)
[2m2026-05-08T23:24:29.352994Z[0m [32m INFO[0m [2mralph_core::event_loop[0m[2m:[0m Successfully loaded 3 memories from store
[2m2026-05-08T23:24:29.353009Z[0m [32m INFO[0m [2mralph_core::event_loop[0m[2m:[0m Injecting 3 memories (994 chars) into prompt
[2m2026-05-08T23:24:29.353057Z[0m [32m INFO[0m [2mralph_core::event_loop[0m[2m:[0m Injecting scratchpad (4475 chars) into prompt
[2m2026-05-08T23:24:29.353202Z[0m [32m INFO[0m [2mralph_core::event_loop[0m[2m:[0m Injecting ready tasks (1 ready, 1 open, 2 closed) into prompt
[2m2026-05-08T23:25:25.072422Z[0m [32m INFO[0m [2mralph_core::event_loop[0m[2m:[0m Memory injection check: enabled=true, inject=Auto, workspace_root="/Users/lisatok/not_work/git_widget"
[2m2026-05-08T23:25:25.072453Z[0m [32m INFO[0m [2mralph_core::event_loop[0m[2m:[0m Looking for memories at: "/Users/lisatok/not_work/git_widget/.ralph/agent/memories.md" (exists: true)
[2m2026-05-08T23:25:25.072556Z[0m [32m INFO[0m [2mralph_core::event_loop[0m[2m:[0m Successfully loaded 3 memories from store
[2m2026-05-08T23:25:25.072570Z[0m [32m INFO[0m [2mralph_core::event_loop[0m[2m:[0m Injecting 3 memories (994 chars) into prompt
[2m2026-05-08T23:25:25.072626Z[0m [32m INFO[0m [2mralph_core::event_loop[0m[2m:[0m Injecting scratchpad (4475 chars) into prompt
[2m2026-05-08T23:25:25.072781Z[0m [32m INFO[0m [2mralph_core::event_loop[0m[2m:[0m Injecting ready tasks (0 ready, 1 open, 2 closed) into prompt
[2m2026-05-08T23:26:24.870508Z[0m [32m INFO[0m [2mralph_core::event_loop[0m[2m:[0m Memory injection check: enabled=true, inject=Auto, workspace_root="/Users/lisatok/not_work/git_widget"
[2m2026-05-08T23:26:24.870540Z[0m [32m INFO[0m [2mralph_core::event_loop[0m[2m:[0m Looking for memories at: "/Users/lisatok/not_work/git_widget/.ralph/agent/memories.md" (exists: true)
[2m2026-05-08T23:26:24.870652Z[0m [32m INFO[0m [2mralph_core::event_loop[0m[2m:[0m Successfully loaded 3 memories from store
[2m2026-05-08T23:26:24.870664Z[0m [32m INFO[0m [2mralph_core::event_loop[0m[2m:[0m Injecting 3 memories (994 chars) into prompt
[2m2026-05-08T23:26:24.870716Z[0m [32m INFO[0m [2mralph_core::event_loop[0m[2m:[0m Injecting scratchpad (6012 chars) into prompt
[2m2026-05-08T23:26:24.870864Z[0m [32m INFO[0m [2mralph_core::event_loop[0m[2m:[0m Injecting ready tasks (0 ready, 1 open, 2 closed) into prompt
[2m2026-05-08T23:28:15.418971Z[0m [32m INFO[0m [2mralph_core::event_loop[0m[2m:[0m Completion event detected in JSONL [3mtopic[0m[2m=[0mLOOP_COMPLETE
[2m2026-05-08T23:28:15.419161Z[0m [32m INFO[0m [2mralph_core::event_loop[0m[2m:[0m Completion event detected - terminating
[2m2026-05-08T23:28:15.419177Z[0m [32m INFO[0m [2mralph::loop_runner[0m[2m:[0m Completion event LOOP_COMPLETE detected.
[2m2026-05-08T23:28:15.419199Z[0m [32m INFO[0m [2mralph_core::event_loop[0m[2m:[0m Wrapping up: completed. 8 iterations in 8m 29s. [3mreason[0m[2m=[0mcompleted [3miterations[0m[2m=[0m8 [3mduration[0m[2m=[0m8m 29s
[2m2026-05-08T23:28:15.428120Z[0m [32m INFO[0m [2mralph_core::landing[0m[2m:[0m Beginning landing sequence [3mloop_id[0m[2m=[0mprimary
[2m2026-05-08T23:28:15.428241Z[0m [33m WARN[0m [2mralph_core::landing[0m[2m:[0m Landing with 1 open tasks [3mloop_id[0m[2m=[0mprimary [3mopen_tasks[0m[2m=[0m["task-1778211554-aa6a"]
