[2m2026-05-08T05:46:31.659407Z[0m [32m INFO[0m [2mralph[0m[2m:[0m Loop lock held by PID 59912 (# PR Desk

Build a native macOS app called PR Desk), spawning parallel loop in worktree
[2m2026-05-08T05:46:31.787731Z[0m [32m INFO[0m [2mralph[0m[2m:[0m Created worktree at /Users/lisatok/not_work/git_widget/.worktrees/true-brook on branch ralph/true-brook
[2m2026-05-08T05:46:31.798147Z[0m [33m WARN[0m [2mralph::loop_runner[0m[2m:[0m Interactive mode requested but stdout is not a TTY, falling back to autonomous
[2m2026-05-08T05:46:31.800155Z[0m [32m INFO[0m [2mralph_core::event_loop[0m[2m:[0m Memory injection check: enabled=true, inject=Auto, workspace_root="/Users/lisatok/not_work/git_widget/.worktrees/true-brook"
[2m2026-05-08T05:46:31.800169Z[0m [32m INFO[0m [2mralph_core::event_loop[0m[2m:[0m Looking for memories at: "/Users/lisatok/not_work/git_widget/.worktrees/true-brook/.ralph/agent/memories.md" (exists: true)
[2m2026-05-08T05:46:31.800756Z[0m [32m INFO[0m [2mralph_core::event_loop[0m[2m:[0m Successfully loaded 3 memories from store
[2m2026-05-08T05:46:31.800770Z[0m [32m INFO[0m [2mralph_core::event_loop[0m[2m:[0m Injecting 3 memories (994 chars) into prompt
[2m2026-05-08T05:47:05.266256Z[0m [32m INFO[0m [2mralph_core::event_loop[0m[2m:[0m Memory injection check: enabled=true, inject=Auto, workspace_root="/Users/lisatok/not_work/git_widget/.worktrees/true-brook"
[2m2026-05-08T05:47:05.266294Z[0m [32m INFO[0m [2mralph_core::event_loop[0m[2m:[0m Looking for memories at: "/Users/lisatok/not_work/git_widget/.worktrees/true-brook/.ralph/agent/memories.md" (exists: true)
[2m2026-05-08T05:47:05.266411Z[0m [32m INFO[0m [2mralph_core::event_loop[0m[2m:[0m Successfully loaded 3 memories from store
[2m2026-05-08T05:47:05.266422Z[0m [32m INFO[0m [2mralph_core::event_loop[0m[2m:[0m Injecting 3 memories (994 chars) into prompt
[2m2026-05-08T05:49:58.472195Z[0m [32m INFO[0m [2mralph_core::event_loop[0m[2m:[0m Memory injection check: enabled=true, inject=Auto, workspace_root="/Users/lisatok/not_work/git_widget/.worktrees/true-brook"
[2m2026-05-08T05:49:58.472222Z[0m [32m INFO[0m [2mralph_core::event_loop[0m[2m:[0m Looking for memories at: "/Users/lisatok/not_work/git_widget/.worktrees/true-brook/.ralph/agent/memories.md" (exists: true)
[2m2026-05-08T05:49:58.472329Z[0m [32m INFO[0m [2mralph_core::event_loop[0m[2m:[0m Successfully loaded 3 memories from store
[2m2026-05-08T05:49:58.472341Z[0m [32m INFO[0m [2mralph_core::event_loop[0m[2m:[0m Injecting 3 memories (994 chars) into prompt
[2m2026-05-08T05:55:14.933691Z[0m [32m INFO[0m [2mralph_core::event_loop[0m[2m:[0m Memory injection check: enabled=true, inject=Auto, workspace_root="/Users/lisatok/not_work/git_widget/.worktrees/true-brook"
[2m2026-05-08T05:55:14.933731Z[0m [32m INFO[0m [2mralph_core::event_loop[0m[2m:[0m Looking for memories at: "/Users/lisatok/not_work/git_widget/.worktrees/true-brook/.ralph/agent/memories.md" (exists: true)
[2m2026-05-08T05:55:14.933846Z[0m [32m INFO[0m [2mralph_core::event_loop[0m[2m:[0m Successfully loaded 3 memories from store
[2m2026-05-08T05:55:14.933861Z[0m [32m INFO[0m [2mralph_core::event_loop[0m[2m:[0m Injecting 3 memories (994 chars) into prompt
[2m2026-05-08T05:55:14.933912Z[0m [32m INFO[0m [2mralph_core::event_loop[0m[2m:[0m Injecting scratchpad (4564 chars) into prompt
[2m2026-05-08T05:56:24.820498Z[0m [32m INFO[0m [2mralph_core::event_loop[0m[2m:[0m Memory injection check: enabled=true, inject=Auto, workspace_root="/Users/lisatok/not_work/git_widget/.worktrees/true-brook"
[2m2026-05-08T05:56:24.820527Z[0m [32m INFO[0m [2mralph_core::event_loop[0m[2m:[0m Looking for memories at: "/Users/lisatok/not_work/git_widget/.worktrees/true-brook/.ralph/agent/memories.md" (exists: true)
[2m2026-05-08T05:56:24.820641Z[0m [32m INFO[0m [2mralph_core::event_loop[0m[2m:[0m Successfully loaded 3 memories from store
[2m2026-05-08T05:56:24.820656Z[0m [32m INFO[0m [2mralph_core::event_loop[0m[2m:[0m Injecting 3 memories (994 chars) into prompt
[2m2026-05-08T05:56:24.820712Z[0m [32m INFO[0m [2mralph_core::event_loop[0m[2m:[0m Injecting scratchpad (5619 chars) into prompt
[2m2026-05-08T05:56:51.331103Z[0m [32m INFO[0m [2mralph_core::event_loop[0m[2m:[0m Memory injection check: enabled=true, inject=Auto, workspace_root="/Users/lisatok/not_work/git_widget/.worktrees/true-brook"
[2m2026-05-08T05:56:51.331129Z[0m [32m INFO[0m [2mralph_core::event_loop[0m[2m:[0m Looking for memories at: "/Users/lisatok/not_work/git_widget/.worktrees/true-brook/.ralph/agent/memories.md" (exists: true)
[2m2026-05-08T05:56:51.331236Z[0m [32m INFO[0m [2mralph_core::event_loop[0m[2m:[0m Successfully loaded 3 memories from store
[2m2026-05-08T05:56:51.331249Z[0m [32m INFO[0m [2mralph_core::event_loop[0m[2m:[0m Injecting 3 memories (994 chars) into prompt
[2m2026-05-08T05:56:51.331296Z[0m [32m INFO[0m [2mralph_core::event_loop[0m[2m:[0m Injecting scratchpad (5619 chars) into prompt
[2m2026-05-08T06:01:44.496898Z[0m [32m INFO[0m [2mralph_core::event_loop[0m[2m:[0m Memory injection check: enabled=true, inject=Auto, workspace_root="/Users/lisatok/not_work/git_widget/.worktrees/true-brook"
[2m2026-05-08T06:01:44.496924Z[0m [32m INFO[0m [2mralph_core::event_loop[0m[2m:[0m Looking for memories at: "/Users/lisatok/not_work/git_widget/.worktrees/true-brook/.ralph/agent/memories.md" (exists: true)
[2m2026-05-08T06:01:44.497039Z[0m [32m INFO[0m [2mralph_core::event_loop[0m[2m:[0m Successfully loaded 3 memories from store
[2m2026-05-08T06:01:44.497049Z[0m [32m INFO[0m [2mralph_core::event_loop[0m[2m:[0m Injecting 3 memories (994 chars) into prompt
[2m2026-05-08T06:01:44.497101Z[0m [32m INFO[0m [2mralph_core::event_loop[0m[2m:[0m Injecting scratchpad (7339 chars) into prompt
[2m2026-05-08T06:04:28.601051Z[0m [32m INFO[0m [2mralph_core::event_loop[0m[2m:[0m Memory injection check: enabled=true, inject=Auto, workspace_root="/Users/lisatok/not_work/git_widget/.worktrees/true-brook"
[2m2026-05-08T06:04:28.601076Z[0m [32m INFO[0m [2mralph_core::event_loop[0m[2m:[0m Looking for memories at: "/Users/lisatok/not_work/git_widget/.worktrees/true-brook/.ralph/agent/memories.md" (exists: true)
[2m2026-05-08T06:04:28.601194Z[0m [32m INFO[0m [2mralph_core::event_loop[0m[2m:[0m Successfully loaded 3 memories from store
[2m2026-05-08T06:04:28.601207Z[0m [32m INFO[0m [2mralph_core::event_loop[0m[2m:[0m Injecting 3 memories (994 chars) into prompt
[2m2026-05-08T06:04:28.601260Z[0m [32m INFO[0m [2mralph_core::event_loop[0m[2m:[0m Injecting scratchpad (11759 chars) into prompt
[2m2026-05-08T06:06:17.923761Z[0m [32m INFO[0m [2mralph_core::event_loop[0m[2m:[0m Memory injection check: enabled=true, inject=Auto, workspace_root="/Users/lisatok/not_work/git_widget/.worktrees/true-brook"
[2m2026-05-08T06:06:17.923788Z[0m [32m INFO[0m [2mralph_core::event_loop[0m[2m:[0m Looking for memories at: "/Users/lisatok/not_work/git_widget/.worktrees/true-brook/.ralph/agent/memories.md" (exists: true)
[2m2026-05-08T06:06:17.923898Z[0m [32m INFO[0m [2mralph_core::event_loop[0m[2m:[0m Successfully loaded 3 memories from store
[2m2026-05-08T06:06:17.923912Z[0m [32m INFO[0m [2mralph_core::event_loop[0m[2m:[0m Injecting 3 memories (994 chars) into prompt
[2m2026-05-08T06:06:17.923965Z[0m [32m INFO[0m [2mralph_core::event_loop[0m[2m:[0m Injecting scratchpad (15279 chars) into prompt
[2m2026-05-08T06:07:41.025590Z[0m [32m INFO[0m [2mralph_core::event_loop[0m[2m:[0m Memory injection check: enabled=true, inject=Auto, workspace_root="/Users/lisatok/not_work/git_widget/.worktrees/true-brook"
[2m2026-05-08T06:07:41.026006Z[0m [32m INFO[0m [2mralph_core::event_loop[0m[2m:[0m Looking for memories at: "/Users/lisatok/not_work/git_widget/.worktrees/true-brook/.ralph/agent/memories.md" (exists: true)
[2m2026-05-08T06:07:41.026127Z[0m [32m INFO[0m [2mralph_core::event_loop[0m[2m:[0m Successfully loaded 3 memories from store
[2m2026-05-08T06:07:41.026150Z[0m [32m INFO[0m [2mralph_core::event_loop[0m[2m:[0m Injecting 3 memories (994 chars) into prompt
[2m2026-05-08T06:07:41.026210Z[0m [32m INFO[0m [2mralph_core::event_loop[0m[2m:[0m Injecting scratchpad (16174 chars) into prompt
[2m2026-05-08T06:07:41.026349Z[0m [32m INFO[0m [2mralph_core::event_loop[0m[2m:[0m Injecting ready tasks (3 ready, 3 open, 0 closed) into prompt
[2m2026-05-08T06:10:36.661435Z[0m [32m INFO[0m [2mralph_core::event_loop[0m[2m:[0m Memory injection check: enabled=true, inject=Auto, workspace_root="/Users/lisatok/not_work/git_widget/.worktrees/true-brook"
[2m2026-05-08T06:10:36.661904Z[0m [32m INFO[0m [2mralph_core::event_loop[0m[2m:[0m Looking for memories at: "/Users/lisatok/not_work/git_widget/.worktrees/true-brook/.ralph/agent/memories.md" (exists: true)
[2m2026-05-08T06:10:36.662022Z[0m [32m INFO[0m [2mralph_core::event_loop[0m[2m:[0m Successfully loaded 3 memories from store
[2m2026-05-08T06:10:36.662038Z[0m [32m INFO[0m [2mralph_core::event_loop[0m[2m:[0m Injecting 3 memories (994 chars) into prompt
[2m2026-05-08T06:10:36.662110Z[0m [32m INFO[0m [2mralph_core::event_loop[0m[2m:[0m Injecting scratchpad (16456 chars) into prompt
[2m2026-05-08T06:10:36.662276Z[0m [32m INFO[0m [2mralph_core::event_loop[0m[2m:[0m Injecting ready tasks (2 ready, 2 open, 1 closed) into prompt
[2m2026-05-08T06:13:35.315137Z[0m [32m INFO[0m [2mralph_core::event_loop[0m[2m:[0m Memory injection check: enabled=true, inject=Auto, workspace_root="/Users/lisatok/not_work/git_widget/.worktrees/true-brook"
[2m2026-05-08T06:13:35.315163Z[0m [32m INFO[0m [2mralph_core::event_loop[0m[2m:[0m Looking for memories at: "/Users/lisatok/not_work/git_widget/.worktrees/true-brook/.ralph/agent/memories.md" (exists: true)
[2m2026-05-08T06:13:35.315272Z[0m [32m INFO[0m [2mralph_core::event_loop[0m[2m:[0m Successfully loaded 3 memories from store
[2m2026-05-08T06:13:35.315287Z[0m [32m INFO[0m [2mralph_core::event_loop[0m[2m:[0m Injecting 3 memories (994 chars) into prompt
[2m2026-05-08T06:13:35.315350Z[0m [32m INFO[0m [2mralph_core::event_loop[0m[2m:[0m Injecting scratchpad (16924 chars) into prompt
[2m2026-05-08T06:13:35.315480Z[0m [32m INFO[0m [2mralph_core::event_loop[0m[2m:[0m Injecting ready tasks (2 ready, 2 open, 1 closed) into prompt
[2m2026-05-08T06:14:41.320697Z[0m [32m INFO[0m [2mralph_core::event_loop[0m[2m:[0m Memory injection check: enabled=true, inject=Auto, workspace_root="/Users/lisatok/not_work/git_widget/.worktrees/true-brook"
[2m2026-05-08T06:14:41.320730Z[0m [32m INFO[0m [2mralph_core::event_loop[0m[2m:[0m Looking for memories at: "/Users/lisatok/not_work/git_widget/.worktrees/true-brook/.ralph/agent/memories.md" (exists: true)
[2m2026-05-08T06:14:41.320837Z[0m [32m INFO[0m [2mralph_core::event_loop[0m[2m:[0m Successfully loaded 3 memories from store
[2m2026-05-08T06:14:41.320852Z[0m [32m INFO[0m [2mralph_core::event_loop[0m[2m:[0m Injecting 3 memories (994 chars) into prompt
[2m2026-05-08T06:14:41.320919Z[0m [32m INFO[0m [2mralph_core::event_loop[0m[2m:[0m Injecting scratchpad (17105 chars) into prompt
[2m2026-05-08T06:14:41.321052Z[0m [32m INFO[0m [2mralph_core::event_loop[0m[2m:[0m Injecting ready tasks (2 ready, 2 open, 1 closed) into prompt
[2m2026-05-08T06:15:10.400102Z[0m [32m INFO[0m [2mralph_core::event_loop[0m[2m:[0m Memory injection check: enabled=true, inject=Auto, workspace_root="/Users/lisatok/not_work/git_widget/.worktrees/true-brook"
[2m2026-05-08T06:15:10.400138Z[0m [32m INFO[0m [2mralph_core::event_loop[0m[2m:[0m Looking for memories at: "/Users/lisatok/not_work/git_widget/.worktrees/true-brook/.ralph/agent/memories.md" (exists: true)
[2m2026-05-08T06:15:10.400250Z[0m [32m INFO[0m [2mralph_core::event_loop[0m[2m:[0m Successfully loaded 3 memories from store
[2m2026-05-08T06:15:10.400268Z[0m [32m INFO[0m [2mralph_core::event_loop[0m[2m:[0m Injecting 3 memories (994 chars) into prompt
[2m2026-05-08T06:15:10.400359Z[0m [32m INFO[0m [2mralph_core::event_loop[0m[2m:[0m Injecting scratchpad (17105 chars) into prompt
[2m2026-05-08T06:15:10.400484Z[0m [32m INFO[0m [2mralph_core::event_loop[0m[2m:[0m Injecting ready tasks (2 ready, 2 open, 1 closed) into prompt
[2m2026-05-08T06:17:09.140473Z[0m [32m INFO[0m [2mralph_core::event_loop[0m[2m:[0m Memory injection check: enabled=true, inject=Auto, workspace_root="/Users/lisatok/not_work/git_widget/.worktrees/true-brook"
[2m2026-05-08T06:17:09.140499Z[0m [32m INFO[0m [2mralph_core::event_loop[0m[2m:[0m Looking for memories at: "/Users/lisatok/not_work/git_widget/.worktrees/true-brook/.ralph/agent/memories.md" (exists: true)
[2m2026-05-08T06:17:09.140612Z[0m [32m INFO[0m [2mralph_core::event_loop[0m[2m:[0m Successfully loaded 3 memories from store
[2m2026-05-08T06:17:09.140630Z[0m [32m INFO[0m [2mralph_core::event_loop[0m[2m:[0m Injecting 3 memories (994 chars) into prompt
[2m2026-05-08T06:17:09.140701Z[0m [32m INFO[0m [2mralph_core::event_loop[0m[2m:[0m Injecting scratchpad (17206 chars) into prompt
[2m2026-05-08T06:17:09.140866Z[0m [32m INFO[0m [2mralph_core::event_loop[0m[2m:[0m Injecting ready tasks (1 ready, 2 open, 1 closed) into prompt
[2m2026-05-08T06:21:14.446699Z[0m [32m INFO[0m [2mralph_core::event_loop[0m[2m:[0m Memory injection check: enabled=true, inject=Auto, workspace_root="/Users/lisatok/not_work/git_widget/.worktrees/true-brook"
[2m2026-05-08T06:21:14.446744Z[0m [32m INFO[0m [2mralph_core::event_loop[0m[2m:[0m Looking for memories at: "/Users/lisatok/not_work/git_widget/.worktrees/true-brook/.ralph/agent/memories.md" (exists: true)
[2m2026-05-08T06:21:14.446855Z[0m [32m INFO[0m [2mralph_core::event_loop[0m[2m:[0m Successfully loaded 3 memories from store
[2m2026-05-08T06:21:14.446865Z[0m [32m INFO[0m [2mralph_core::event_loop[0m[2m:[0m Injecting 3 memories (994 chars) into prompt
[2m2026-05-08T06:21:14.446941Z[0m [32m INFO[0m [2mralph_core::event_loop[0m[2m:[0m Injecting scratchpad (17564 chars) into prompt
[2m2026-05-08T06:21:14.447074Z[0m [32m INFO[0m [2mralph_core::event_loop[0m[2m:[0m Injecting ready tasks (1 ready, 2 open, 1 closed) into prompt
[2m2026-05-08T06:22:37.292363Z[0m [32m INFO[0m [2mralph_core::event_loop[0m[2m:[0m Memory injection check: enabled=true, inject=Auto, workspace_root="/Users/lisatok/not_work/git_widget/.worktrees/true-brook"
[2m2026-05-08T06:22:37.292387Z[0m [32m INFO[0m [2mralph_core::event_loop[0m[2m:[0m Looking for memories at: "/Users/lisatok/not_work/git_widget/.worktrees/true-brook/.ralph/agent/memories.md" (exists: true)
[2m2026-05-08T06:22:37.292487Z[0m [32m INFO[0m [2mralph_core::event_loop[0m[2m:[0m Successfully loaded 3 memories from store
[2m2026-05-08T06:22:37.292499Z[0m [32m INFO[0m [2mralph_core::event_loop[0m[2m:[0m Injecting 3 memories (994 chars) into prompt
[2m2026-05-08T06:22:37.292586Z[0m [32m INFO[0m [2mralph_core::event_loop[0m[2m:[0m Injecting scratchpad (17730 chars) into prompt
[2m2026-05-08T06:22:37.292719Z[0m [32m INFO[0m [2mralph_core::event_loop[0m[2m:[0m Injecting ready tasks (1 ready, 1 open, 2 closed) into prompt
[2m2026-05-08T06:23:30.817401Z[0m [32m INFO[0m [2mralph_core::event_loop[0m[2m:[0m Memory injection check: enabled=true, inject=Auto, workspace_root="/Users/lisatok/not_work/git_widget/.worktrees/true-brook"
[2m2026-05-08T06:23:30.817430Z[0m [32m INFO[0m [2mralph_core::event_loop[0m[2m:[0m Looking for memories at: "/Users/lisatok/not_work/git_widget/.worktrees/true-brook/.ralph/agent/memories.md" (exists: true)
[2m2026-05-08T06:23:30.817554Z[0m [32m INFO[0m [2mralph_core::event_loop[0m[2m:[0m Successfully loaded 3 memories from store
[2m2026-05-08T06:23:30.817565Z[0m [32m INFO[0m [2mralph_core::event_loop[0m[2m:[0m Injecting 3 memories (994 chars) into prompt
[2m2026-05-08T06:23:30.817645Z[0m [32m INFO[0m [2mralph_core::event_loop[0m[2m:[0m Injecting scratchpad (17756 chars) into prompt
[2m2026-05-08T06:23:30.817797Z[0m [32m INFO[0m [2mralph_core::event_loop[0m[2m:[0m Injecting ready tasks (1 ready, 1 open, 2 closed) into prompt
[2m2026-05-08T06:26:17.492030Z[0m [32m INFO[0m [2mralph_core::event_loop[0m[2m:[0m Memory injection check: enabled=true, inject=Auto, workspace_root="/Users/lisatok/not_work/git_widget/.worktrees/true-brook"
[2m2026-05-08T06:26:17.492054Z[0m [32m INFO[0m [2mralph_core::event_loop[0m[2m:[0m Looking for memories at: "/Users/lisatok/not_work/git_widget/.worktrees/true-brook/.ralph/agent/memories.md" (exists: true)
[2m2026-05-08T06:26:17.492164Z[0m [32m INFO[0m [2mralph_core::event_loop[0m[2m:[0m Successfully loaded 3 memories from store
[2m2026-05-08T06:26:17.492175Z[0m [32m INFO[0m [2mralph_core::event_loop[0m[2m:[0m Injecting 3 memories (994 chars) into prompt
[2m2026-05-08T06:26:17.492263Z[0m [32m INFO[0m [2mralph_core::event_loop[0m[2m:[0m Injecting scratchpad (17996 chars) into prompt
[2m2026-05-08T06:26:17.492395Z[0m [32m INFO[0m [2mralph_core::event_loop[0m[2m:[0m Injecting ready tasks (0 ready, 1 open, 2 closed) into prompt
[2m2026-05-08T06:28:12.545911Z[0m [32m INFO[0m [2mralph_core::event_loop[0m[2m:[0m Memory injection check: enabled=true, inject=Auto, workspace_root="/Users/lisatok/not_work/git_widget/.worktrees/true-brook"
[2m2026-05-08T06:28:12.545939Z[0m [32m INFO[0m [2mralph_core::event_loop[0m[2m:[0m Looking for memories at: "/Users/lisatok/not_work/git_widget/.worktrees/true-brook/.ralph/agent/memories.md" (exists: true)
[2m2026-05-08T06:28:12.546039Z[0m [32m INFO[0m [2mralph_core::event_loop[0m[2m:[0m Successfully loaded 3 memories from store
[2m2026-05-08T06:28:12.546052Z[0m [32m INFO[0m [2mralph_core::event_loop[0m[2m:[0m Injecting 3 memories (994 chars) into prompt
[2m2026-05-08T06:28:12.546108Z[0m [32m INFO[0m [2mralph_core::event_loop[0m[2m:[0m Injecting scratchpad (7619 chars) into prompt
[2m2026-05-08T06:28:12.546233Z[0m [32m INFO[0m [2mralph_core::event_loop[0m[2m:[0m Injecting ready tasks (0 ready, 1 open, 2 closed) into prompt
[2m2026-05-08T06:29:52.091858Z[0m [32m INFO[0m [2mralph_core::event_loop[0m[2m:[0m Memory injection check: enabled=true, inject=Auto, workspace_root="/Users/lisatok/not_work/git_widget/.worktrees/true-brook"
[2m2026-05-08T06:29:52.091887Z[0m [32m INFO[0m [2mralph_core::event_loop[0m[2m:[0m Looking for memories at: "/Users/lisatok/not_work/git_widget/.worktrees/true-brook/.ralph/agent/memories.md" (exists: true)
[2m2026-05-08T06:29:52.092000Z[0m [32m INFO[0m [2mralph_core::event_loop[0m[2m:[0m Successfully loaded 3 memories from store
[2m2026-05-08T06:29:52.092013Z[0m [32m INFO[0m [2mralph_core::event_loop[0m[2m:[0m Injecting 3 memories (994 chars) into prompt
[2m2026-05-08T06:29:52.092061Z[0m [32m INFO[0m [2mralph_core::event_loop[0m[2m:[0m Injecting scratchpad (11477 chars) into prompt
[2m2026-05-08T06:29:52.092226Z[0m [32m INFO[0m [2mralph_core::event_loop[0m[2m:[0m Injecting ready tasks (0 ready, 0 open, 3 closed) into prompt
[2m2026-05-08T06:31:27.652376Z[0m [32m INFO[0m [2mralph_core::event_loop[0m[2m:[0m Memory injection check: enabled=true, inject=Auto, workspace_root="/Users/lisatok/not_work/git_widget/.worktrees/true-brook"
[2m2026-05-08T06:31:27.652408Z[0m [32m INFO[0m [2mralph_core::event_loop[0m[2m:[0m Looking for memories at: "/Users/lisatok/not_work/git_widget/.worktrees/true-brook/.ralph/agent/memories.md" (exists: true)
[2m2026-05-08T06:31:27.652529Z[0m [32m INFO[0m [2mralph_core::event_loop[0m[2m:[0m Successfully loaded 3 memories from store
[2m2026-05-08T06:31:27.652545Z[0m [32m INFO[0m [2mralph_core::event_loop[0m[2m:[0m Injecting 3 memories (994 chars) into prompt
[2m2026-05-08T06:31:27.652609Z[0m [32m INFO[0m [2mralph_core::event_loop[0m[2m:[0m Injecting scratchpad (12679 chars) into prompt
[2m2026-05-08T06:31:27.652772Z[0m [32m INFO[0m [2mralph_core::event_loop[0m[2m:[0m Injecting ready tasks (3 ready, 3 open, 3 closed) into prompt
[2m2026-05-08T06:34:14.877887Z[0m [32m INFO[0m [2mralph_core::event_loop[0m[2m:[0m Memory injection check: enabled=true, inject=Auto, workspace_root="/Users/lisatok/not_work/git_widget/.worktrees/true-brook"
[2m2026-05-08T06:34:14.877913Z[0m [32m INFO[0m [2mralph_core::event_loop[0m[2m:[0m Looking for memories at: "/Users/lisatok/not_work/git_widget/.worktrees/true-brook/.ralph/agent/memories.md" (exists: true)
[2m2026-05-08T06:34:14.878020Z[0m [32m INFO[0m [2mralph_core::event_loop[0m[2m:[0m Successfully loaded 3 memories from store
[2m2026-05-08T06:34:14.878031Z[0m [32m INFO[0m [2mralph_core::event_loop[0m[2m:[0m Injecting 3 memories (994 chars) into prompt
[2m2026-05-08T06:34:14.878084Z[0m [32m INFO[0m [2mralph_core::event_loop[0m[2m:[0m Injecting scratchpad (14997 chars) into prompt
[2m2026-05-08T06:34:14.878209Z[0m [32m INFO[0m [2mralph_core::event_loop[0m[2m:[0m Injecting ready tasks (2 ready, 2 open, 4 closed) into prompt
[2m2026-05-08T06:35:47.346450Z[0m [32m INFO[0m [2mralph_core::event_loop[0m[2m:[0m Memory injection check: enabled=true, inject=Auto, workspace_root="/Users/lisatok/not_work/git_widget/.worktrees/true-brook"
[2m2026-05-08T06:35:47.346481Z[0m [32m INFO[0m [2mralph_core::event_loop[0m[2m:[0m Looking for memories at: "/Users/lisatok/not_work/git_widget/.worktrees/true-brook/.ralph/agent/memories.md" (exists: true)
[2m2026-05-08T06:35:47.346601Z[0m [32m INFO[0m [2mralph_core::event_loop[0m[2m:[0m Successfully loaded 3 memories from store
[2m2026-05-08T06:35:47.346613Z[0m [32m INFO[0m [2mralph_core::event_loop[0m[2m:[0m Injecting 3 memories (994 chars) into prompt
[2m2026-05-08T06:35:47.346685Z[0m [32m INFO[0m [2mralph_core::event_loop[0m[2m:[0m Injecting scratchpad (16269 chars) into prompt
[2m2026-05-08T06:35:47.346822Z[0m [32m INFO[0m [2mralph_core::event_loop[0m[2m:[0m Injecting ready tasks (2 ready, 2 open, 4 closed) into prompt
[2m2026-05-08T06:37:01.871143Z[0m [32m INFO[0m [2mralph_core::event_loop[0m[2m:[0m Memory injection check: enabled=true, inject=Auto, workspace_root="/Users/lisatok/not_work/git_widget/.worktrees/true-brook"
[2m2026-05-08T06:37:01.871172Z[0m [32m INFO[0m [2mralph_core::event_loop[0m[2m:[0m Looking for memories at: "/Users/lisatok/not_work/git_widget/.worktrees/true-brook/.ralph/agent/memories.md" (exists: true)
[2m2026-05-08T06:37:01.871358Z[0m [32m INFO[0m [2mralph_core::event_loop[0m[2m:[0m Successfully loaded 3 memories from store
[2m2026-05-08T06:37:01.871379Z[0m [32m INFO[0m [2mralph_core::event_loop[0m[2m:[0m Injecting 3 memories (994 chars) into prompt
[2m2026-05-08T06:37:01.871449Z[0m [32m INFO[0m [2mralph_core::event_loop[0m[2m:[0m Injecting scratchpad (16478 chars) into prompt
[2m2026-05-08T06:37:01.871584Z[0m [32m INFO[0m [2mralph_core::event_loop[0m[2m:[0m Injecting ready tasks (2 ready, 2 open, 4 closed) into prompt
[2m2026-05-08T06:37:38.889925Z[0m [32m INFO[0m [2mralph_core::event_loop[0m[2m:[0m Memory injection check: enabled=true, inject=Auto, workspace_root="/Users/lisatok/not_work/git_widget/.worktrees/true-brook"
[2m2026-05-08T06:37:38.889953Z[0m [32m INFO[0m [2mralph_core::event_loop[0m[2m:[0m Looking for memories at: "/Users/lisatok/not_work/git_widget/.worktrees/true-brook/.ralph/agent/memories.md" (exists: true)
[2m2026-05-08T06:37:38.890058Z[0m [32m INFO[0m [2mralph_core::event_loop[0m[2m:[0m Successfully loaded 3 memories from store
[2m2026-05-08T06:37:38.890074Z[0m [32m INFO[0m [2mralph_core::event_loop[0m[2m:[0m Injecting 3 memories (994 chars) into prompt
[2m2026-05-08T06:37:38.890143Z[0m [32m INFO[0m [2mralph_core::event_loop[0m[2m:[0m Injecting scratchpad (16533 chars) into prompt
[2m2026-05-08T06:37:38.890291Z[0m [32m INFO[0m [2mralph_core::event_loop[0m[2m:[0m Injecting ready tasks (2 ready, 2 open, 4 closed) into prompt
[2m2026-05-08T06:40:19.154264Z[0m [32m INFO[0m [2mralph_core::event_loop[0m[2m:[0m Memory injection check: enabled=true, inject=Auto, workspace_root="/Users/lisatok/not_work/git_widget/.worktrees/true-brook"
[2m2026-05-08T06:40:19.154299Z[0m [32m INFO[0m [2mralph_core::event_loop[0m[2m:[0m Looking for memories at: "/Users/lisatok/not_work/git_widget/.worktrees/true-brook/.ralph/agent/memories.md" (exists: true)
[2m2026-05-08T06:40:19.154398Z[0m [32m INFO[0m [2mralph_core::event_loop[0m[2m:[0m Successfully loaded 3 memories from store
[2m2026-05-08T06:40:19.154410Z[0m [32m INFO[0m [2mralph_core::event_loop[0m[2m:[0m Injecting 3 memories (994 chars) into prompt
[2m2026-05-08T06:40:19.154476Z[0m [32m INFO[0m [2mralph_core::event_loop[0m[2m:[0m Injecting scratchpad (16675 chars) into prompt
[2m2026-05-08T06:40:19.154609Z[0m [32m INFO[0m [2mralph_core::event_loop[0m[2m:[0m Injecting ready tasks (1 ready, 1 open, 5 closed) into prompt
[2m2026-05-08T06:42:02.087719Z[0m [32m INFO[0m [2mralph_core::event_loop[0m[2m:[0m Memory injection check: enabled=true, inject=Auto, workspace_root="/Users/lisatok/not_work/git_widget/.worktrees/true-brook"
[2m2026-05-08T06:42:02.087999Z[0m [32m INFO[0m [2mralph_core::event_loop[0m[2m:[0m Looking for memories at: "/Users/lisatok/not_work/git_widget/.worktrees/true-brook/.ralph/agent/memories.md" (exists: true)
[2m2026-05-08T06:42:02.088153Z[0m [32m INFO[0m [2mralph_core::event_loop[0m[2m:[0m Successfully loaded 3 memories from store
[2m2026-05-08T06:42:02.088168Z[0m [32m INFO[0m [2mralph_core::event_loop[0m[2m:[0m Injecting 3 memories (994 chars) into prompt
[2m2026-05-08T06:42:02.088265Z[0m [32m INFO[0m [2mralph_core::event_loop[0m[2m:[0m Injecting scratchpad (16972 chars) into prompt
[2m2026-05-08T06:42:02.088406Z[0m [32m INFO[0m [2mralph_core::event_loop[0m[2m:[0m Injecting ready tasks (1 ready, 1 open, 5 closed) into prompt
[2m2026-05-08T06:47:13.528636Z[0m [32m INFO[0m [2mralph_core::event_loop[0m[2m:[0m Memory injection check: enabled=true, inject=Auto, workspace_root="/Users/lisatok/not_work/git_widget/.worktrees/true-brook"
[2m2026-05-08T06:47:13.528846Z[0m [32m INFO[0m [2mralph_core::event_loop[0m[2m:[0m Looking for memories at: "/Users/lisatok/not_work/git_widget/.worktrees/true-brook/.ralph/agent/memories.md" (exists: true)
[2m2026-05-08T06:47:13.529104Z[0m [32m INFO[0m [2mralph_core::event_loop[0m[2m:[0m Successfully loaded 3 memories from store
[2m2026-05-08T06:47:13.529113Z[0m [32m INFO[0m [2mralph_core::event_loop[0m[2m:[0m Injecting 3 memories (994 chars) into prompt
[2m2026-05-08T06:47:13.529193Z[0m [32m INFO[0m [2mralph_core::event_loop[0m[2m:[0m Injecting scratchpad (17181 chars) into prompt
[2m2026-05-08T06:47:13.529477Z[0m [32m INFO[0m [2mralph_core::event_loop[0m[2m:[0m Injecting ready tasks (1 ready, 1 open, 5 closed) into prompt
[2m2026-05-08T06:49:02.916954Z[0m [32m INFO[0m [2mralph_core::event_loop[0m[2m:[0m Memory injection check: enabled=true, inject=Auto, workspace_root="/Users/lisatok/not_work/git_widget/.worktrees/true-brook"
[2m2026-05-08T06:49:02.916979Z[0m [32m INFO[0m [2mralph_core::event_loop[0m[2m:[0m Looking for memories at: "/Users/lisatok/not_work/git_widget/.worktrees/true-brook/.ralph/agent/memories.md" (exists: true)
[2m2026-05-08T06:49:02.917082Z[0m [32m INFO[0m [2mralph_core::event_loop[0m[2m:[0m Successfully loaded 3 memories from store
[2m2026-05-08T06:49:02.917095Z[0m [32m INFO[0m [2mralph_core::event_loop[0m[2m:[0m Injecting 3 memories (994 chars) into prompt
[2m2026-05-08T06:49:02.917187Z[0m [32m INFO[0m [2mralph_core::event_loop[0m[2m:[0m Injecting scratchpad (17350 chars) into prompt
[2m2026-05-08T06:49:02.917317Z[0m [32m INFO[0m [2mralph_core::event_loop[0m[2m:[0m Injecting ready tasks (1 ready, 1 open, 5 closed) into prompt
[2m2026-05-08T06:50:14.953233Z[0m [32m INFO[0m [2mralph_core::event_loop[0m[2m:[0m Memory injection check: enabled=true, inject=Auto, workspace_root="/Users/lisatok/not_work/git_widget/.worktrees/true-brook"
[2m2026-05-08T06:50:14.953273Z[0m [32m INFO[0m [2mralph_core::event_loop[0m[2m:[0m Looking for memories at: "/Users/lisatok/not_work/git_widget/.worktrees/true-brook/.ralph/agent/memories.md" (exists: true)
[2m2026-05-08T06:50:14.953380Z[0m [32m INFO[0m [2mralph_core::event_loop[0m[2m:[0m Successfully loaded 3 memories from store
[2m2026-05-08T06:50:14.953391Z[0m [32m INFO[0m [2mralph_core::event_loop[0m[2m:[0m Injecting 3 memories (994 chars) into prompt
[2m2026-05-08T06:50:14.953484Z[0m [32m INFO[0m [2mralph_core::event_loop[0m[2m:[0m Injecting scratchpad (17483 chars) into prompt
[2m2026-05-08T06:50:14.953614Z[0m [32m INFO[0m [2mralph_core::event_loop[0m[2m:[0m Injecting ready tasks (1 ready, 1 open, 5 closed) into prompt
[2m2026-05-08T06:50:52.831918Z[0m [32m INFO[0m [2mralph_core::event_loop[0m[2m:[0m Memory injection check: enabled=true, inject=Auto, workspace_root="/Users/lisatok/not_work/git_widget/.worktrees/true-brook"
[2m2026-05-08T06:50:52.831945Z[0m [32m INFO[0m [2mralph_core::event_loop[0m[2m:[0m Looking for memories at: "/Users/lisatok/not_work/git_widget/.worktrees/true-brook/.ralph/agent/memories.md" (exists: true)
[2m2026-05-08T06:50:52.832051Z[0m [32m INFO[0m [2mralph_core::event_loop[0m[2m:[0m Successfully loaded 3 memories from store
[2m2026-05-08T06:50:52.832065Z[0m [32m INFO[0m [2mralph_core::event_loop[0m[2m:[0m Injecting 3 memories (994 chars) into prompt
[2m2026-05-08T06:50:52.832157Z[0m [32m INFO[0m [2mralph_core::event_loop[0m[2m:[0m Injecting scratchpad (17510 chars) into prompt
[2m2026-05-08T06:50:52.832285Z[0m [32m INFO[0m [2mralph_core::event_loop[0m[2m:[0m Injecting ready tasks (1 ready, 1 open, 5 closed) into prompt
[2m2026-05-08T06:55:27.232273Z[0m [32m INFO[0m [2mralph_core::event_loop[0m[2m:[0m Memory injection check: enabled=true, inject=Auto, workspace_root="/Users/lisatok/not_work/git_widget/.worktrees/true-brook"
[2m2026-05-08T06:55:27.232301Z[0m [32m INFO[0m [2mralph_core::event_loop[0m[2m:[0m Looking for memories at: "/Users/lisatok/not_work/git_widget/.worktrees/true-brook/.ralph/agent/memories.md" (exists: true)
[2m2026-05-08T06:55:27.232404Z[0m [32m INFO[0m [2mralph_core::event_loop[0m[2m:[0m Successfully loaded 3 memories from store
[2m2026-05-08T06:55:27.232416Z[0m [32m INFO[0m [2mralph_core::event_loop[0m[2m:[0m Injecting 3 memories (994 chars) into prompt
[2m2026-05-08T06:55:27.232507Z[0m [32m INFO[0m [2mralph_core::event_loop[0m[2m:[0m Injecting scratchpad (17595 chars) into prompt
[2m2026-05-08T06:55:27.232642Z[0m [32m INFO[0m [2mralph_core::event_loop[0m[2m:[0m Injecting ready tasks (0 ready, 0 open, 6 closed) into prompt
[2m2026-05-08T06:56:57.270912Z[0m [32m INFO[0m [2mralph_core::event_loop[0m[2m:[0m Memory injection check: enabled=true, inject=Auto, workspace_root="/Users/lisatok/not_work/git_widget/.worktrees/true-brook"
[2m2026-05-08T06:56:57.270958Z[0m [32m INFO[0m [2mralph_core::event_loop[0m[2m:[0m Looking for memories at: "/Users/lisatok/not_work/git_widget/.worktrees/true-brook/.ralph/agent/memories.md" (exists: true)
[2m2026-05-08T06:56:57.271060Z[0m [32m INFO[0m [2mralph_core::event_loop[0m[2m:[0m Successfully loaded 3 memories from store
[2m2026-05-08T06:56:57.271076Z[0m [32m INFO[0m [2mralph_core::event_loop[0m[2m:[0m Injecting 3 memories (994 chars) into prompt
[2m2026-05-08T06:56:57.271179Z[0m [32m INFO[0m [2mralph_core::event_loop[0m[2m:[0m Injecting scratchpad (17688 chars) into prompt
[2m2026-05-08T06:56:57.271317Z[0m [32m INFO[0m [2mralph_core::event_loop[0m[2m:[0m Injecting ready tasks (0 ready, 0 open, 6 closed) into prompt
[2m2026-05-08T06:58:59.926430Z[0m [32m INFO[0m [2mralph_core::event_loop[0m[2m:[0m Memory injection check: enabled=true, inject=Auto, workspace_root="/Users/lisatok/not_work/git_widget/.worktrees/true-brook"
[2m2026-05-08T06:58:59.926453Z[0m [32m INFO[0m [2mralph_core::event_loop[0m[2m:[0m Looking for memories at: "/Users/lisatok/not_work/git_widget/.worktrees/true-brook/.ralph/agent/memories.md" (exists: true)
[2m2026-05-08T06:58:59.926577Z[0m [32m INFO[0m [2mralph_core::event_loop[0m[2m:[0m Successfully loaded 3 memories from store
[2m2026-05-08T06:58:59.926587Z[0m [32m INFO[0m [2mralph_core::event_loop[0m[2m:[0m Injecting 3 memories (994 chars) into prompt
[2m2026-05-08T06:58:59.926705Z[0m [32m INFO[0m [2mralph_core::event_loop[0m[2m:[0m Injecting scratchpad (17654 chars) into prompt
[2m2026-05-08T06:58:59.926847Z[0m [32m INFO[0m [2mralph_core::event_loop[0m[2m:[0m Injecting ready tasks (0 ready, 1 open, 5 closed) into prompt
[2m2026-05-08T07:00:54.694573Z[0m [32m INFO[0m [2mralph_core::event_loop[0m[2m:[0m Memory injection check: enabled=true, inject=Auto, workspace_root="/Users/lisatok/not_work/git_widget/.worktrees/true-brook"
[2m2026-05-08T07:00:54.694600Z[0m [32m INFO[0m [2mralph_core::event_loop[0m[2m:[0m Looking for memories at: "/Users/lisatok/not_work/git_widget/.worktrees/true-brook/.ralph/agent/memories.md" (exists: true)
[2m2026-05-08T07:00:54.694705Z[0m [32m INFO[0m [2mralph_core::event_loop[0m[2m:[0m Successfully loaded 3 memories from store
[2m2026-05-08T07:00:54.694718Z[0m [32m INFO[0m [2mralph_core::event_loop[0m[2m:[0m Injecting 3 memories (994 chars) into prompt
[2m2026-05-08T07:00:54.694827Z[0m [32m INFO[0m [2mralph_core::event_loop[0m[2m:[0m Injecting scratchpad (18270 chars) into prompt
[2m2026-05-08T07:00:54.694962Z[0m [32m INFO[0m [2mralph_core::event_loop[0m[2m:[0m Injecting ready tasks (0 ready, 1 open, 5 closed) into prompt
[2m2026-05-08T07:02:53.802856Z[0m [32m INFO[0m [2mralph_core::event_loop[0m[2m:[0m Memory injection check: enabled=true, inject=Auto, workspace_root="/Users/lisatok/not_work/git_widget/.worktrees/true-brook"
[2m2026-05-08T07:02:53.802893Z[0m [32m INFO[0m [2mralph_core::event_loop[0m[2m:[0m Looking for memories at: "/Users/lisatok/not_work/git_widget/.worktrees/true-brook/.ralph/agent/memories.md" (exists: true)
[2m2026-05-08T07:02:53.803007Z[0m [32m INFO[0m [2mralph_core::event_loop[0m[2m:[0m Successfully loaded 3 memories from store
[2m2026-05-08T07:02:53.803025Z[0m [32m INFO[0m [2mralph_core::event_loop[0m[2m:[0m Injecting 3 memories (994 chars) into prompt
[2m2026-05-08T07:02:53.803146Z[0m [32m INFO[0m [2mralph_core::event_loop[0m[2m:[0m Injecting scratchpad (18383 chars) into prompt
[2m2026-05-08T07:02:53.803295Z[0m [32m INFO[0m [2mralph_core::event_loop[0m[2m:[0m Injecting ready tasks (0 ready, 0 open, 6 closed) into prompt
[2m2026-05-08T07:04:19.520684Z[0m [32m INFO[0m [2mralph_core::event_loop[0m[2m:[0m Memory injection check: enabled=true, inject=Auto, workspace_root="/Users/lisatok/not_work/git_widget/.worktrees/true-brook"
[2m2026-05-08T07:04:19.520711Z[0m [32m INFO[0m [2mralph_core::event_loop[0m[2m:[0m Looking for memories at: "/Users/lisatok/not_work/git_widget/.worktrees/true-brook/.ralph/agent/memories.md" (exists: true)
[2m2026-05-08T07:04:19.520812Z[0m [32m INFO[0m [2mralph_core::event_loop[0m[2m:[0m Successfully loaded 3 memories from store
[2m2026-05-08T07:04:19.520831Z[0m [32m INFO[0m [2mralph_core::event_loop[0m[2m:[0m Injecting 3 memories (994 chars) into prompt
[2m2026-05-08T07:04:19.520966Z[0m [32m INFO[0m [2mralph_core::event_loop[0m[2m:[0m Injecting scratchpad (18284 chars) into prompt
[2m2026-05-08T07:04:19.521109Z[0m [32m INFO[0m [2mralph_core::event_loop[0m[2m:[0m Injecting ready tasks (3 ready, 3 open, 6 closed) into prompt
[2m2026-05-08T07:07:13.909231Z[0m [32m INFO[0m [2mralph_core::event_loop[0m[2m:[0m Memory injection check: enabled=true, inject=Auto, workspace_root="/Users/lisatok/not_work/git_widget/.worktrees/true-brook"
[2m2026-05-08T07:07:13.909254Z[0m [32m INFO[0m [2mralph_core::event_loop[0m[2m:[0m Looking for memories at: "/Users/lisatok/not_work/git_widget/.worktrees/true-brook/.ralph/agent/memories.md" (exists: true)
[2m2026-05-08T07:07:13.909360Z[0m [32m INFO[0m [2mralph_core::event_loop[0m[2m:[0m Successfully loaded 3 memories from store
[2m2026-05-08T07:07:13.909381Z[0m [32m INFO[0m [2mralph_core::event_loop[0m[2m:[0m Injecting 3 memories (994 chars) into prompt
[2m2026-05-08T07:07:13.909506Z[0m [32m INFO[0m [2mralph_core::event_loop[0m[2m:[0m Injecting scratchpad (18451 chars) into prompt
[2m2026-05-08T07:07:13.909636Z[0m [32m INFO[0m [2mralph_core::event_loop[0m[2m:[0m Injecting ready tasks (2 ready, 3 open, 6 closed) into prompt
[2m2026-05-08T07:09:14.773007Z[0m [32m INFO[0m [2mralph_core::event_loop[0m[2m:[0m Memory injection check: enabled=true, inject=Auto, workspace_root="/Users/lisatok/not_work/git_widget/.worktrees/true-brook"
[2m2026-05-08T07:09:14.773033Z[0m [32m INFO[0m [2mralph_core::event_loop[0m[2m:[0m Looking for memories at: "/Users/lisatok/not_work/git_widget/.worktrees/true-brook/.ralph/agent/memories.md" (exists: true)
[2m2026-05-08T07:09:14.773147Z[0m [32m INFO[0m [2mralph_core::event_loop[0m[2m:[0m Successfully loaded 3 memories from store
[2m2026-05-08T07:09:14.773164Z[0m [32m INFO[0m [2mralph_core::event_loop[0m[2m:[0m Injecting 3 memories (994 chars) into prompt
[2m2026-05-08T07:09:14.773214Z[0m [32m INFO[0m [2mralph_core::event_loop[0m[2m:[0m Injecting scratchpad (11116 chars) into prompt
[2m2026-05-08T07:09:14.773359Z[0m [32m INFO[0m [2mralph_core::event_loop[0m[2m:[0m Injecting ready tasks (2 ready, 3 open, 6 closed) into prompt
[2m2026-05-08T07:10:14.021155Z[0m [32m INFO[0m [2mralph_core::event_loop[0m[2m:[0m Memory injection check: enabled=true, inject=Auto, workspace_root="/Users/lisatok/not_work/git_widget/.worktrees/true-brook"
[2m2026-05-08T07:10:14.021190Z[0m [32m INFO[0m [2mralph_core::event_loop[0m[2m:[0m Looking for memories at: "/Users/lisatok/not_work/git_widget/.worktrees/true-brook/.ralph/agent/memories.md" (exists: true)
[2m2026-05-08T07:10:14.021304Z[0m [32m INFO[0m [2mralph_core::event_loop[0m[2m:[0m Successfully loaded 3 memories from store
[2m2026-05-08T07:10:14.021320Z[0m [32m INFO[0m [2mralph_core::event_loop[0m[2m:[0m Injecting 3 memories (994 chars) into prompt
[2m2026-05-08T07:10:14.021372Z[0m [32m INFO[0m [2mralph_core::event_loop[0m[2m:[0m Injecting scratchpad (12937 chars) into prompt
[2m2026-05-08T07:10:14.021519Z[0m [32m INFO[0m [2mralph_core::event_loop[0m[2m:[0m Injecting ready tasks (2 ready, 2 open, 7 closed) into prompt
[2m2026-05-08T07:10:46.677858Z[0m [32m INFO[0m [2mralph_core::event_loop[0m[2m:[0m Memory injection check: enabled=true, inject=Auto, workspace_root="/Users/lisatok/not_work/git_widget/.worktrees/true-brook"
[2m2026-05-08T07:10:46.677957Z[0m [32m INFO[0m [2mralph_core::event_loop[0m[2m:[0m Looking for memories at: "/Users/lisatok/not_work/git_widget/.worktrees/true-brook/.ralph/agent/memories.md" (exists: true)
[2m2026-05-08T07:10:46.678073Z[0m [32m INFO[0m [2mralph_core::event_loop[0m[2m:[0m Successfully loaded 3 memories from store
[2m2026-05-08T07:10:46.678089Z[0m [32m INFO[0m [2mralph_core::event_loop[0m[2m:[0m Injecting 3 memories (994 chars) into prompt
[2m2026-05-08T07:10:46.678141Z[0m [32m INFO[0m [2mralph_core::event_loop[0m[2m:[0m Injecting scratchpad (12937 chars) into prompt
[2m2026-05-08T07:10:46.678276Z[0m [32m INFO[0m [2mralph_core::event_loop[0m[2m:[0m Injecting ready tasks (2 ready, 2 open, 7 closed) into prompt
[2m2026-05-08T07:14:15.190380Z[0m [32m INFO[0m [2mralph_core::event_loop[0m[2m:[0m Memory injection check: enabled=true, inject=Auto, workspace_root="/Users/lisatok/not_work/git_widget/.worktrees/true-brook"
[2m2026-05-08T07:14:15.190589Z[0m [32m INFO[0m [2mralph_core::event_loop[0m[2m:[0m Looking for memories at: "/Users/lisatok/not_work/git_widget/.worktrees/true-brook/.ralph/agent/memories.md" (exists: true)
[2m2026-05-08T07:14:15.190690Z[0m [32m INFO[0m [2mralph_core::event_loop[0m[2m:[0m Successfully loaded 3 memories from store
[2m2026-05-08T07:14:15.190701Z[0m [32m INFO[0m [2mralph_core::event_loop[0m[2m:[0m Injecting 3 memories (994 chars) into prompt
[2m2026-05-08T07:14:15.190755Z[0m [32m INFO[0m [2mralph_core::event_loop[0m[2m:[0m Injecting scratchpad (12937 chars) into prompt
[2m2026-05-08T07:14:15.190895Z[0m [32m INFO[0m [2mralph_core::event_loop[0m[2m:[0m Injecting ready tasks (1 ready, 2 open, 7 closed) into prompt
[2m2026-05-08T07:17:45.047053Z[0m [32m INFO[0m [2mralph_core::event_loop[0m[2m:[0m Memory injection check: enabled=true, inject=Auto, workspace_root="/Users/lisatok/not_work/git_widget/.worktrees/true-brook"
[2m2026-05-08T07:17:45.047080Z[0m [32m INFO[0m [2mralph_core::event_loop[0m[2m:[0m Looking for memories at: "/Users/lisatok/not_work/git_widget/.worktrees/true-brook/.ralph/agent/memories.md" (exists: true)
[2m2026-05-08T07:17:45.047189Z[0m [32m INFO[0m [2mralph_core::event_loop[0m[2m:[0m Successfully loaded 3 memories from store
[2m2026-05-08T07:17:45.047201Z[0m [32m INFO[0m [2mralph_core::event_loop[0m[2m:[0m Injecting 3 memories (994 chars) into prompt
[2m2026-05-08T07:17:45.047259Z[0m [32m INFO[0m [2mralph_core::event_loop[0m[2m:[0m Injecting scratchpad (16312 chars) into prompt
[2m2026-05-08T07:17:45.047397Z[0m [32m INFO[0m [2mralph_core::event_loop[0m[2m:[0m Injecting ready tasks (1 ready, 2 open, 7 closed) into prompt
[2m2026-05-08T07:19:37.927412Z[0m [32m INFO[0m [2mralph_core::event_loop[0m[2m:[0m Memory injection check: enabled=true, inject=Auto, workspace_root="/Users/lisatok/not_work/git_widget/.worktrees/true-brook"
[2m2026-05-08T07:19:37.927439Z[0m [32m INFO[0m [2mralph_core::event_loop[0m[2m:[0m Looking for memories at: "/Users/lisatok/not_work/git_widget/.worktrees/true-brook/.ralph/agent/memories.md" (exists: true)
[2m2026-05-08T07:19:37.927544Z[0m [32m INFO[0m [2mralph_core::event_loop[0m[2m:[0m Successfully loaded 3 memories from store
[2m2026-05-08T07:19:37.927558Z[0m [32m INFO[0m [2mralph_core::event_loop[0m[2m:[0m Injecting 3 memories (994 chars) into prompt
[2m2026-05-08T07:19:37.927628Z[0m [32m INFO[0m [2mralph_core::event_loop[0m[2m:[0m Injecting scratchpad (16331 chars) into prompt
[2m2026-05-08T07:19:37.927763Z[0m [32m INFO[0m [2mralph_core::event_loop[0m[2m:[0m Injecting ready tasks (1 ready, 2 open, 7 closed) into prompt
[2m2026-05-08T07:21:20.899607Z[0m [32m INFO[0m [2mralph_core::event_loop[0m[2m:[0m Memory injection check: enabled=true, inject=Auto, workspace_root="/Users/lisatok/not_work/git_widget/.worktrees/true-brook"
[2m2026-05-08T07:21:20.899633Z[0m [32m INFO[0m [2mralph_core::event_loop[0m[2m:[0m Looking for memories at: "/Users/lisatok/not_work/git_widget/.worktrees/true-brook/.ralph/agent/memories.md" (exists: true)
[2m2026-05-08T07:21:20.899741Z[0m [32m INFO[0m [2mralph_core::event_loop[0m[2m:[0m Successfully loaded 3 memories from store
[2m2026-05-08T07:21:20.899751Z[0m [32m INFO[0m [2mralph_core::event_loop[0m[2m:[0m Injecting 3 memories (994 chars) into prompt
[2m2026-05-08T07:21:20.899827Z[0m [32m INFO[0m [2mralph_core::event_loop[0m[2m:[0m Injecting scratchpad (16531 chars) into prompt
[2m2026-05-08T07:21:20.899960Z[0m [32m INFO[0m [2mralph_core::event_loop[0m[2m:[0m Injecting ready tasks (1 ready, 2 open, 7 closed) into prompt
[2m2026-05-08T07:22:44.153740Z[0m [32m INFO[0m [2mralph_core::event_loop[0m[2m:[0m Memory injection check: enabled=true, inject=Auto, workspace_root="/Users/lisatok/not_work/git_widget/.worktrees/true-brook"
[2m2026-05-08T07:22:44.153769Z[0m [32m INFO[0m [2mralph_core::event_loop[0m[2m:[0m Looking for memories at: "/Users/lisatok/not_work/git_widget/.worktrees/true-brook/.ralph/agent/memories.md" (exists: true)
[2m2026-05-08T07:22:44.153879Z[0m [32m INFO[0m [2mralph_core::event_loop[0m[2m:[0m Successfully loaded 3 memories from store
[2m2026-05-08T07:22:44.153891Z[0m [32m INFO[0m [2mralph_core::event_loop[0m[2m:[0m Injecting 3 memories (994 chars) into prompt
[2m2026-05-08T07:22:44.153976Z[0m [32m INFO[0m [2mralph_core::event_loop[0m[2m:[0m Injecting scratchpad (16601 chars) into prompt
[2m2026-05-08T07:22:44.154136Z[0m [32m INFO[0m [2mralph_core::event_loop[0m[2m:[0m Injecting ready tasks (1 ready, 1 open, 8 closed) into prompt
[2m2026-05-08T07:23:16.756234Z[0m [32m INFO[0m [2mralph_core::event_loop[0m[2m:[0m Memory injection check: enabled=true, inject=Auto, workspace_root="/Users/lisatok/not_work/git_widget/.worktrees/true-brook"
[2m2026-05-08T07:23:16.756261Z[0m [32m INFO[0m [2mralph_core::event_loop[0m[2m:[0m Looking for memories at: "/Users/lisatok/not_work/git_widget/.worktrees/true-brook/.ralph/agent/memories.md" (exists: true)
[2m2026-05-08T07:23:16.756371Z[0m [32m INFO[0m [2mralph_core::event_loop[0m[2m:[0m Successfully loaded 3 memories from store
[2m2026-05-08T07:23:16.756382Z[0m [32m INFO[0m [2mralph_core::event_loop[0m[2m:[0m Injecting 3 memories (994 chars) into prompt
[2m2026-05-08T07:23:16.756453Z[0m [32m INFO[0m [2mralph_core::event_loop[0m[2m:[0m Injecting scratchpad (16601 chars) into prompt
[2m2026-05-08T07:23:16.756587Z[0m [32m INFO[0m [2mralph_core::event_loop[0m[2m:[0m Injecting ready tasks (1 ready, 1 open, 8 closed) into prompt
[2m2026-05-08T07:25:27.334309Z[0m [32m INFO[0m [2mralph_core::event_loop[0m[2m:[0m Memory injection check: enabled=true, inject=Auto, workspace_root="/Users/lisatok/not_work/git_widget/.worktrees/true-brook"
[2m2026-05-08T07:25:27.334338Z[0m [32m INFO[0m [2mralph_core::event_loop[0m[2m:[0m Looking for memories at: "/Users/lisatok/not_work/git_widget/.worktrees/true-brook/.ralph/agent/memories.md" (exists: true)
[2m2026-05-08T07:25:27.334442Z[0m [32m INFO[0m [2mralph_core::event_loop[0m[2m:[0m Successfully loaded 3 memories from store
[2m2026-05-08T07:25:27.334456Z[0m [32m INFO[0m [2mralph_core::event_loop[0m[2m:[0m Injecting 3 memories (994 chars) into prompt
[2m2026-05-08T07:25:27.334538Z[0m [32m INFO[0m [2mralph_core::event_loop[0m[2m:[0m Injecting scratchpad (16714 chars) into prompt
[2m2026-05-08T07:25:27.334674Z[0m [32m INFO[0m [2mralph_core::event_loop[0m[2m:[0m Injecting ready tasks (0 ready, 1 open, 8 closed) into prompt
[2m2026-05-08T07:27:26.949136Z[0m [32m INFO[0m [2mralph_core::event_loop[0m[2m:[0m Memory injection check: enabled=true, inject=Auto, workspace_root="/Users/lisatok/not_work/git_widget/.worktrees/true-brook"
[2m2026-05-08T07:27:26.949160Z[0m [32m INFO[0m [2mralph_core::event_loop[0m[2m:[0m Looking for memories at: "/Users/lisatok/not_work/git_widget/.worktrees/true-brook/.ralph/agent/memories.md" (exists: true)
[2m2026-05-08T07:27:26.949263Z[0m [32m INFO[0m [2mralph_core::event_loop[0m[2m:[0m Successfully loaded 3 memories from store
[2m2026-05-08T07:27:26.949274Z[0m [32m INFO[0m [2mralph_core::event_loop[0m[2m:[0m Injecting 3 memories (994 chars) into prompt
[2m2026-05-08T07:27:26.949354Z[0m [32m INFO[0m [2mralph_core::event_loop[0m[2m:[0m Injecting scratchpad (17278 chars) into prompt
[2m2026-05-08T07:27:26.949495Z[0m [32m INFO[0m [2mralph_core::event_loop[0m[2m:[0m Injecting ready tasks (0 ready, 1 open, 8 closed) into prompt
[2m2026-05-08T07:28:35.264568Z[0m [32m INFO[0m [2mralph_core::event_loop[0m[2m:[0m Memory injection check: enabled=true, inject=Auto, workspace_root="/Users/lisatok/not_work/git_widget/.worktrees/true-brook"
[2m2026-05-08T07:28:35.264594Z[0m [32m INFO[0m [2mralph_core::event_loop[0m[2m:[0m Looking for memories at: "/Users/lisatok/not_work/git_widget/.worktrees/true-brook/.ralph/agent/memories.md" (exists: true)
[2m2026-05-08T07:28:35.264696Z[0m [32m INFO[0m [2mralph_core::event_loop[0m[2m:[0m Successfully loaded 3 memories from store
[2m2026-05-08T07:28:35.264709Z[0m [32m INFO[0m [2mralph_core::event_loop[0m[2m:[0m Injecting 3 memories (994 chars) into prompt
[2m2026-05-08T07:28:35.264795Z[0m [32m INFO[0m [2mralph_core::event_loop[0m[2m:[0m Injecting scratchpad (17496 chars) into prompt
[2m2026-05-08T07:28:35.264934Z[0m [32m INFO[0m [2mralph_core::event_loop[0m[2m:[0m Injecting ready tasks (0 ready, 1 open, 8 closed) into prompt
[2m2026-05-08T07:31:04.199339Z[0m [32m INFO[0m [2mralph_core::event_loop[0m[2m:[0m Memory injection check: enabled=true, inject=Auto, workspace_root="/Users/lisatok/not_work/git_widget/.worktrees/true-brook"
[2m2026-05-08T07:31:04.199363Z[0m [32m INFO[0m [2mralph_core::event_loop[0m[2m:[0m Looking for memories at: "/Users/lisatok/not_work/git_widget/.worktrees/true-brook/.ralph/agent/memories.md" (exists: true)
[2m2026-05-08T07:31:04.199469Z[0m [32m INFO[0m [2mralph_core::event_loop[0m[2m:[0m Successfully loaded 3 memories from store
[2m2026-05-08T07:31:04.199482Z[0m [32m INFO[0m [2mralph_core::event_loop[0m[2m:[0m Injecting 3 memories (994 chars) into prompt
[2m2026-05-08T07:31:04.199573Z[0m [32m INFO[0m [2mralph_core::event_loop[0m[2m:[0m Injecting scratchpad (17935 chars) into prompt
[2m2026-05-08T07:31:04.199706Z[0m [32m INFO[0m [2mralph_core::event_loop[0m[2m:[0m Injecting ready tasks (0 ready, 1 open, 8 closed) into prompt
[2m2026-05-08T07:32:07.596513Z[0m [32m INFO[0m [2mralph_core::event_loop[0m[2m:[0m Memory injection check: enabled=true, inject=Auto, workspace_root="/Users/lisatok/not_work/git_widget/.worktrees/true-brook"
[2m2026-05-08T07:32:07.596541Z[0m [32m INFO[0m [2mralph_core::event_loop[0m[2m:[0m Looking for memories at: "/Users/lisatok/not_work/git_widget/.worktrees/true-brook/.ralph/agent/memories.md" (exists: true)
[2m2026-05-08T07:32:07.596643Z[0m [32m INFO[0m [2mralph_core::event_loop[0m[2m:[0m Successfully loaded 3 memories from store
[2m2026-05-08T07:32:07.596656Z[0m [32m INFO[0m [2mralph_core::event_loop[0m[2m:[0m Injecting 3 memories (994 chars) into prompt
[2m2026-05-08T07:32:07.596751Z[0m [32m INFO[0m [2mralph_core::event_loop[0m[2m:[0m Injecting scratchpad (18134 chars) into prompt
[2m2026-05-08T07:32:07.596886Z[0m [32m INFO[0m [2mralph_core::event_loop[0m[2m:[0m Injecting ready tasks (0 ready, 1 open, 8 closed) into prompt
[2m2026-05-08T07:34:03.145572Z[0m [32m INFO[0m [2mralph_core::event_loop[0m[2m:[0m Memory injection check: enabled=true, inject=Auto, workspace_root="/Users/lisatok/not_work/git_widget/.worktrees/true-brook"
[2m2026-05-08T07:34:03.145627Z[0m [32m INFO[0m [2mralph_core::event_loop[0m[2m:[0m Looking for memories at: "/Users/lisatok/not_work/git_widget/.worktrees/true-brook/.ralph/agent/memories.md" (exists: true)
[2m2026-05-08T07:34:03.145742Z[0m [32m INFO[0m [2mralph_core::event_loop[0m[2m:[0m Successfully loaded 3 memories from store
[2m2026-05-08T07:34:03.145754Z[0m [32m INFO[0m [2mralph_core::event_loop[0m[2m:[0m Injecting 3 memories (994 chars) into prompt
[2m2026-05-08T07:34:03.145851Z[0m [32m INFO[0m [2mralph_core::event_loop[0m[2m:[0m Injecting scratchpad (18134 chars) into prompt
[2m2026-05-08T07:34:03.145998Z[0m [32m INFO[0m [2mralph_core::event_loop[0m[2m:[0m Injecting ready tasks (0 ready, 1 open, 8 closed) into prompt
[2m2026-05-08T07:38:05.138123Z[0m [32m INFO[0m [2mralph_core::event_loop[0m[2m:[0m Memory injection check: enabled=true, inject=Auto, workspace_root="/Users/lisatok/not_work/git_widget/.worktrees/true-brook"
[2m2026-05-08T07:38:05.138155Z[0m [32m INFO[0m [2mralph_core::event_loop[0m[2m:[0m Looking for memories at: "/Users/lisatok/not_work/git_widget/.worktrees/true-brook/.ralph/agent/memories.md" (exists: true)
[2m2026-05-08T07:38:05.138269Z[0m [32m INFO[0m [2mralph_core::event_loop[0m[2m:[0m Successfully loaded 3 memories from store
[2m2026-05-08T07:38:05.138294Z[0m [32m INFO[0m [2mralph_core::event_loop[0m[2m:[0m Injecting 3 memories (994 chars) into prompt
[2m2026-05-08T07:38:05.138406Z[0m [32m INFO[0m [2mralph_core::event_loop[0m[2m:[0m Injecting scratchpad (18282 chars) into prompt
[2m2026-05-08T07:38:05.138557Z[0m [32m INFO[0m [2mralph_core::event_loop[0m[2m:[0m Injecting ready tasks (0 ready, 1 open, 8 closed) into prompt
[2m2026-05-08T07:40:34.816843Z[0m [32m INFO[0m [2mralph_core::event_loop[0m[2m:[0m Memory injection check: enabled=true, inject=Auto, workspace_root="/Users/lisatok/not_work/git_widget/.worktrees/true-brook"
[2m2026-05-08T07:40:34.816886Z[0m [32m INFO[0m [2mralph_core::event_loop[0m[2m:[0m Looking for memories at: "/Users/lisatok/not_work/git_widget/.worktrees/true-brook/.ralph/agent/memories.md" (exists: true)
[2m2026-05-08T07:40:34.817007Z[0m [32m INFO[0m [2mralph_core::event_loop[0m[2m:[0m Successfully loaded 3 memories from store
[2m2026-05-08T07:40:34.817019Z[0m [32m INFO[0m [2mralph_core::event_loop[0m[2m:[0m Injecting 3 memories (994 chars) into prompt
[2m2026-05-08T07:40:34.817131Z[0m [32m INFO[0m [2mralph_core::event_loop[0m[2m:[0m Injecting scratchpad (18530 chars) into prompt
[2m2026-05-08T07:40:34.817272Z[0m [32m INFO[0m [2mralph_core::event_loop[0m[2m:[0m Injecting ready tasks (0 ready, 1 open, 8 closed) into prompt
[2m2026-05-08T07:42:23.045459Z[0m [32m INFO[0m [2mralph_core::event_loop[0m[2m:[0m Memory injection check: enabled=true, inject=Auto, workspace_root="/Users/lisatok/not_work/git_widget/.worktrees/true-brook"
[2m2026-05-08T07:42:23.045494Z[0m [32m INFO[0m [2mralph_core::event_loop[0m[2m:[0m Looking for memories at: "/Users/lisatok/not_work/git_widget/.worktrees/true-brook/.ralph/agent/memories.md" (exists: true)
[2m2026-05-08T07:42:23.045604Z[0m [32m INFO[0m [2mralph_core::event_loop[0m[2m:[0m Successfully loaded 3 memories from store
[2m2026-05-08T07:42:23.045617Z[0m [32m INFO[0m [2mralph_core::event_loop[0m[2m:[0m Injecting 3 memories (994 chars) into prompt
[2m2026-05-08T07:42:23.045730Z[0m [32m INFO[0m [2mralph_core::event_loop[0m[2m:[0m Injecting scratchpad (18478 chars) into prompt
[2m2026-05-08T07:42:23.045875Z[0m [32m INFO[0m [2mralph_core::event_loop[0m[2m:[0m Injecting ready tasks (0 ready, 0 open, 9 closed) into prompt
[2m2026-05-08T07:43:32.579558Z[0m [32m INFO[0m [2mralph_core::event_loop[0m[2m:[0m Memory injection check: enabled=true, inject=Auto, workspace_root="/Users/lisatok/not_work/git_widget/.worktrees/true-brook"
[2m2026-05-08T07:43:32.579592Z[0m [32m INFO[0m [2mralph_core::event_loop[0m[2m:[0m Looking for memories at: "/Users/lisatok/not_work/git_widget/.worktrees/true-brook/.ralph/agent/memories.md" (exists: true)
[2m2026-05-08T07:43:32.579709Z[0m [32m INFO[0m [2mralph_core::event_loop[0m[2m:[0m Successfully loaded 3 memories from store
[2m2026-05-08T07:43:32.579723Z[0m [32m INFO[0m [2mralph_core::event_loop[0m[2m:[0m Injecting 3 memories (994 chars) into prompt
[2m2026-05-08T07:43:32.579843Z[0m [32m INFO[0m [2mralph_core::event_loop[0m[2m:[0m Injecting scratchpad (18594 chars) into prompt
[2m2026-05-08T07:43:32.580008Z[0m [32m INFO[0m [2mralph_core::event_loop[0m[2m:[0m Injecting ready tasks (3 ready, 3 open, 9 closed) into prompt
[2m2026-05-08T07:46:11.831484Z[0m [32m INFO[0m [2mralph_core::event_loop[0m[2m:[0m Memory injection check: enabled=true, inject=Auto, workspace_root="/Users/lisatok/not_work/git_widget/.worktrees/true-brook"
[2m2026-05-08T07:46:11.831818Z[0m [32m INFO[0m [2mralph_core::event_loop[0m[2m:[0m Looking for memories at: "/Users/lisatok/not_work/git_widget/.worktrees/true-brook/.ralph/agent/memories.md" (exists: true)
[2m2026-05-08T07:46:11.831953Z[0m [32m INFO[0m [2mralph_core::event_loop[0m[2m:[0m Successfully loaded 3 memories from store
[2m2026-05-08T07:46:11.831967Z[0m [32m INFO[0m [2mralph_core::event_loop[0m[2m:[0m Injecting 3 memories (994 chars) into prompt
[2m2026-05-08T07:46:11.832081Z[0m [32m INFO[0m [2mralph_core::event_loop[0m[2m:[0m Injecting scratchpad (18825 chars) into prompt
[2m2026-05-08T07:46:11.832238Z[0m [32m INFO[0m [2mralph_core::event_loop[0m[2m:[0m Injecting ready tasks (2 ready, 3 open, 9 closed) into prompt
[2m2026-05-08T07:48:24.126167Z[0m [32m INFO[0m [2mralph_core::event_loop[0m[2m:[0m Memory injection check: enabled=true, inject=Auto, workspace_root="/Users/lisatok/not_work/git_widget/.worktrees/true-brook"
[2m2026-05-08T07:48:24.126444Z[0m [32m INFO[0m [2mralph_core::event_loop[0m[2m:[0m Looking for memories at: "/Users/lisatok/not_work/git_widget/.worktrees/true-brook/.ralph/agent/memories.md" (exists: true)
[2m2026-05-08T07:48:24.126591Z[0m [32m INFO[0m [2mralph_core::event_loop[0m[2m:[0m Successfully loaded 3 memories from store
[2m2026-05-08T07:48:24.126600Z[0m [32m INFO[0m [2mralph_core::event_loop[0m[2m:[0m Injecting 3 memories (994 chars) into prompt
[2m2026-05-08T07:48:24.126722Z[0m [32m INFO[0m [2mralph_core::event_loop[0m[2m:[0m Injecting scratchpad (19050 chars) into prompt
[2m2026-05-08T07:48:24.126880Z[0m [32m INFO[0m [2mralph_core::event_loop[0m[2m:[0m Injecting ready tasks (2 ready, 3 open, 9 closed) into prompt
[2m2026-05-08T07:49:10.340408Z[0m [32m INFO[0m [2mralph_core::event_loop[0m[2m:[0m Memory injection check: enabled=true, inject=Auto, workspace_root="/Users/lisatok/not_work/git_widget/.worktrees/true-brook"
[2m2026-05-08T07:49:10.340439Z[0m [32m INFO[0m [2mralph_core::event_loop[0m[2m:[0m Looking for memories at: "/Users/lisatok/not_work/git_widget/.worktrees/true-brook/.ralph/agent/memories.md" (exists: true)
[2m2026-05-08T07:49:10.340555Z[0m [32m INFO[0m [2mralph_core::event_loop[0m[2m:[0m Successfully loaded 3 memories from store
[2m2026-05-08T07:49:10.340569Z[0m [32m INFO[0m [2mralph_core::event_loop[0m[2m:[0m Injecting 3 memories (994 chars) into prompt
[2m2026-05-08T07:49:10.340691Z[0m [32m INFO[0m [2mralph_core::event_loop[0m[2m:[0m Injecting scratchpad (19322 chars) into prompt
[2m2026-05-08T07:49:10.340823Z[0m [32m INFO[0m [2mralph_core::event_loop[0m[2m:[0m Injecting ready tasks (2 ready, 2 open, 10 closed) into prompt
[2m2026-05-08T07:49:49.389924Z[0m [32m INFO[0m [2mralph_core::event_loop[0m[2m:[0m Memory injection check: enabled=true, inject=Auto, workspace_root="/Users/lisatok/not_work/git_widget/.worktrees/true-brook"
[2m2026-05-08T07:49:49.389948Z[0m [32m INFO[0m [2mralph_core::event_loop[0m[2m:[0m Looking for memories at: "/Users/lisatok/not_work/git_widget/.worktrees/true-brook/.ralph/agent/memories.md" (exists: true)
[2m2026-05-08T07:49:49.390074Z[0m [32m INFO[0m [2mralph_core::event_loop[0m[2m:[0m Successfully loaded 3 memories from store
[2m2026-05-08T07:49:49.390084Z[0m [32m INFO[0m [2mralph_core::event_loop[0m[2m:[0m Injecting 3 memories (994 chars) into prompt
[2m2026-05-08T07:49:49.390212Z[0m [32m INFO[0m [2mralph_core::event_loop[0m[2m:[0m Injecting scratchpad (19407 chars) into prompt
[2m2026-05-08T07:49:49.390511Z[0m [32m INFO[0m [2mralph_core::event_loop[0m[2m:[0m Injecting ready tasks (2 ready, 2 open, 10 closed) into prompt
[2m2026-05-08T07:54:19.661764Z[0m [32m INFO[0m [2mralph_core::event_loop[0m[2m:[0m Memory injection check: enabled=true, inject=Auto, workspace_root="/Users/lisatok/not_work/git_widget/.worktrees/true-brook"
[2m2026-05-08T07:54:19.661792Z[0m [32m INFO[0m [2mralph_core::event_loop[0m[2m:[0m Looking for memories at: "/Users/lisatok/not_work/git_widget/.worktrees/true-brook/.ralph/agent/memories.md" (exists: true)
[2m2026-05-08T07:54:19.661899Z[0m [32m INFO[0m [2mralph_core::event_loop[0m[2m:[0m Successfully loaded 3 memories from store
[2m2026-05-08T07:54:19.661911Z[0m [32m INFO[0m [2mralph_core::event_loop[0m[2m:[0m Injecting 3 memories (994 chars) into prompt
[2m2026-05-08T07:54:19.662030Z[0m [32m INFO[0m [2mralph_core::event_loop[0m[2m:[0m Injecting scratchpad (19671 chars) into prompt
[2m2026-05-08T07:54:19.662175Z[0m [32m INFO[0m [2mralph_core::event_loop[0m[2m:[0m Injecting ready tasks (1 ready, 2 open, 10 closed) into prompt
[2m2026-05-08T07:56:38.673369Z[0m [32m INFO[0m [2mralph_core::event_loop[0m[2m:[0m Memory injection check: enabled=true, inject=Auto, workspace_root="/Users/lisatok/not_work/git_widget/.worktrees/true-brook"
[2m2026-05-08T07:56:38.673397Z[0m [32m INFO[0m [2mralph_core::event_loop[0m[2m:[0m Looking for memories at: "/Users/lisatok/not_work/git_widget/.worktrees/true-brook/.ralph/agent/memories.md" (exists: true)
[2m2026-05-08T07:56:38.673520Z[0m [32m INFO[0m [2mralph_core::event_loop[0m[2m:[0m Successfully loaded 3 memories from store
[2m2026-05-08T07:56:38.673530Z[0m [32m INFO[0m [2mralph_core::event_loop[0m[2m:[0m Injecting 3 memories (994 chars) into prompt
[2m2026-05-08T07:56:38.673652Z[0m [32m INFO[0m [2mralph_core::event_loop[0m[2m:[0m Injecting scratchpad (20114 chars) into prompt
[2m2026-05-08T07:56:38.673803Z[0m [32m INFO[0m [2mralph_core::event_loop[0m[2m:[0m Injecting ready tasks (1 ready, 2 open, 10 closed) into prompt
[2m2026-05-08T07:57:44.942485Z[0m [32m INFO[0m [2mralph_core::event_loop[0m[2m:[0m Memory injection check: enabled=true, inject=Auto, workspace_root="/Users/lisatok/not_work/git_widget/.worktrees/true-brook"
[2m2026-05-08T07:57:44.942511Z[0m [32m INFO[0m [2mralph_core::event_loop[0m[2m:[0m Looking for memories at: "/Users/lisatok/not_work/git_widget/.worktrees/true-brook/.ralph/agent/memories.md" (exists: true)
[2m2026-05-08T07:57:44.942621Z[0m [32m INFO[0m [2mralph_core::event_loop[0m[2m:[0m Successfully loaded 3 memories from store
[2m2026-05-08T07:57:44.942633Z[0m [32m INFO[0m [2mralph_core::event_loop[0m[2m:[0m Injecting 3 memories (994 chars) into prompt
[2m2026-05-08T07:57:44.942762Z[0m [32m INFO[0m [2mralph_core::event_loop[0m[2m:[0m Injecting scratchpad (20298 chars) into prompt
[2m2026-05-08T07:57:44.942914Z[0m [32m INFO[0m [2mralph_core::event_loop[0m[2m:[0m Injecting ready tasks (1 ready, 1 open, 11 closed) into prompt
[2m2026-05-08T07:58:24.676930Z[0m [32m INFO[0m [2mralph_core::event_loop[0m[2m:[0m Memory injection check: enabled=true, inject=Auto, workspace_root="/Users/lisatok/not_work/git_widget/.worktrees/true-brook"
[2m2026-05-08T07:58:24.676958Z[0m [32m INFO[0m [2mralph_core::event_loop[0m[2m:[0m Looking for memories at: "/Users/lisatok/not_work/git_widget/.worktrees/true-brook/.ralph/agent/memories.md" (exists: true)
[2m2026-05-08T07:58:24.677067Z[0m [32m INFO[0m [2mralph_core::event_loop[0m[2m:[0m Successfully loaded 3 memories from store
[2m2026-05-08T07:58:24.677080Z[0m [32m INFO[0m [2mralph_core::event_loop[0m[2m:[0m Injecting 3 memories (994 chars) into prompt
[2m2026-05-08T07:58:24.677203Z[0m [32m INFO[0m [2mralph_core::event_loop[0m[2m:[0m Injecting scratchpad (20409 chars) into prompt
[2m2026-05-08T07:58:24.677352Z[0m [32m INFO[0m [2mralph_core::event_loop[0m[2m:[0m Injecting ready tasks (1 ready, 1 open, 11 closed) into prompt
[2m2026-05-08T08:02:35.492965Z[0m [32m INFO[0m [2mralph_core::event_loop[0m[2m:[0m Memory injection check: enabled=true, inject=Auto, workspace_root="/Users/lisatok/not_work/git_widget/.worktrees/true-brook"
[2m2026-05-08T08:02:35.493000Z[0m [32m INFO[0m [2mralph_core::event_loop[0m[2m:[0m Looking for memories at: "/Users/lisatok/not_work/git_widget/.worktrees/true-brook/.ralph/agent/memories.md" (exists: true)
[2m2026-05-08T08:02:35.493113Z[0m [32m INFO[0m [2mralph_core::event_loop[0m[2m:[0m Successfully loaded 3 memories from store
[2m2026-05-08T08:02:35.493126Z[0m [32m INFO[0m [2mralph_core::event_loop[0m[2m:[0m Injecting 3 memories (994 chars) into prompt
[2m2026-05-08T08:02:35.493267Z[0m [32m INFO[0m [2mralph_core::event_loop[0m[2m:[0m Injecting scratchpad (21043 chars) into prompt
[2m2026-05-08T08:02:35.493416Z[0m [32m INFO[0m [2mralph_core::event_loop[0m[2m:[0m Injecting ready tasks (0 ready, 1 open, 11 closed) into prompt
[2m2026-05-08T08:06:34.818454Z[0m [32m INFO[0m [2mralph_core::event_loop[0m[2m:[0m Memory injection check: enabled=true, inject=Auto, workspace_root="/Users/lisatok/not_work/git_widget/.worktrees/true-brook"
[2m2026-05-08T08:06:34.818499Z[0m [32m INFO[0m [2mralph_core::event_loop[0m[2m:[0m Looking for memories at: "/Users/lisatok/not_work/git_widget/.worktrees/true-brook/.ralph/agent/memories.md" (exists: true)
[2m2026-05-08T08:06:34.818664Z[0m [32m INFO[0m [2mralph_core::event_loop[0m[2m:[0m Successfully loaded 3 memories from store
[2m2026-05-08T08:06:34.818675Z[0m [32m INFO[0m [2mralph_core::event_loop[0m[2m:[0m Injecting 3 memories (994 chars) into prompt
[2m2026-05-08T08:06:34.818822Z[0m [32m INFO[0m [2mralph_core::event_loop[0m[2m:[0m Injecting scratchpad (21196 chars) into prompt
[2m2026-05-08T08:06:34.818978Z[0m [32m INFO[0m [2mralph_core::event_loop[0m[2m:[0m Injecting ready tasks (0 ready, 1 open, 11 closed) into prompt
[2m2026-05-08T08:08:01.858909Z[0m [32m INFO[0m [2mralph_core::event_loop[0m[2m:[0m Memory injection check: enabled=true, inject=Auto, workspace_root="/Users/lisatok/not_work/git_widget/.worktrees/true-brook"
[2m2026-05-08T08:08:01.858938Z[0m [32m INFO[0m [2mralph_core::event_loop[0m[2m:[0m Looking for memories at: "/Users/lisatok/not_work/git_widget/.worktrees/true-brook/.ralph/agent/memories.md" (exists: true)
[2m2026-05-08T08:08:01.859054Z[0m [32m INFO[0m [2mralph_core::event_loop[0m[2m:[0m Successfully loaded 3 memories from store
[2m2026-05-08T08:08:01.859068Z[0m [32m INFO[0m [2mralph_core::event_loop[0m[2m:[0m Injecting 3 memories (994 chars) into prompt
[2m2026-05-08T08:08:01.859214Z[0m [32m INFO[0m [2mralph_core::event_loop[0m[2m:[0m Injecting scratchpad (21317 chars) into prompt
[2m2026-05-08T08:08:01.859379Z[0m [32m INFO[0m [2mralph_core::event_loop[0m[2m:[0m Injecting ready tasks (0 ready, 1 open, 11 closed) into prompt
[2m2026-05-08T08:10:18.677605Z[0m [32m INFO[0m [2mralph_core::event_loop[0m[2m:[0m Memory injection check: enabled=true, inject=Auto, workspace_root="/Users/lisatok/not_work/git_widget/.worktrees/true-brook"
[2m2026-05-08T08:10:18.677636Z[0m [32m INFO[0m [2mralph_core::event_loop[0m[2m:[0m Looking for memories at: "/Users/lisatok/not_work/git_widget/.worktrees/true-brook/.ralph/agent/memories.md" (exists: true)
[2m2026-05-08T08:10:18.677751Z[0m [32m INFO[0m [2mralph_core::event_loop[0m[2m:[0m Successfully loaded 3 memories from store
[2m2026-05-08T08:10:18.677773Z[0m [32m INFO[0m [2mralph_core::event_loop[0m[2m:[0m Injecting 3 memories (994 chars) into prompt
[2m2026-05-08T08:10:18.677926Z[0m [32m INFO[0m [2mralph_core::event_loop[0m[2m:[0m Injecting scratchpad (21798 chars) into prompt
[2m2026-05-08T08:10:18.678078Z[0m [32m INFO[0m [2mralph_core::event_loop[0m[2m:[0m Injecting ready tasks (0 ready, 1 open, 11 closed) into prompt
[2m2026-05-08T08:12:12.775278Z[0m [32m INFO[0m [2mralph_core::event_loop[0m[2m:[0m Memory injection check: enabled=true, inject=Auto, workspace_root="/Users/lisatok/not_work/git_widget/.worktrees/true-brook"
[2m2026-05-08T08:12:12.775307Z[0m [32m INFO[0m [2mralph_core::event_loop[0m[2m:[0m Looking for memories at: "/Users/lisatok/not_work/git_widget/.worktrees/true-brook/.ralph/agent/memories.md" (exists: true)
[2m2026-05-08T08:12:12.775433Z[0m [32m INFO[0m [2mralph_core::event_loop[0m[2m:[0m Successfully loaded 3 memories from store
[2m2026-05-08T08:12:12.775444Z[0m [32m INFO[0m [2mralph_core::event_loop[0m[2m:[0m Injecting 3 memories (994 chars) into prompt
[2m2026-05-08T08:12:12.775602Z[0m [32m INFO[0m [2mralph_core::event_loop[0m[2m:[0m Injecting scratchpad (22213 chars) into prompt
[2m2026-05-08T08:12:12.775759Z[0m [32m INFO[0m [2mralph_core::event_loop[0m[2m:[0m Injecting ready tasks (0 ready, 0 open, 12 closed) into prompt
[2m2026-05-08T08:13:44.676774Z[0m [32m INFO[0m [2mralph_core::event_loop[0m[2m:[0m Memory injection check: enabled=true, inject=Auto, workspace_root="/Users/lisatok/not_work/git_widget/.worktrees/true-brook"
[2m2026-05-08T08:13:44.676801Z[0m [32m INFO[0m [2mralph_core::event_loop[0m[2m:[0m Looking for memories at: "/Users/lisatok/not_work/git_widget/.worktrees/true-brook/.ralph/agent/memories.md" (exists: true)
[2m2026-05-08T08:13:44.676906Z[0m [32m INFO[0m [2mralph_core::event_loop[0m[2m:[0m Successfully loaded 3 memories from store
[2m2026-05-08T08:13:44.676932Z[0m [32m INFO[0m [2mralph_core::event_loop[0m[2m:[0m Injecting 3 memories (994 chars) into prompt
[2m2026-05-08T08:13:44.677101Z[0m [32m INFO[0m [2mralph_core::event_loop[0m[2m:[0m Injecting scratchpad (22430 chars) into prompt
[2m2026-05-08T08:13:44.677280Z[0m [32m INFO[0m [2mralph_core::event_loop[0m[2m:[0m Injecting ready tasks (3 ready, 3 open, 12 closed) into prompt
[2m2026-05-08T08:15:51.041768Z[0m [32m INFO[0m [2mralph_core::event_loop[0m[2m:[0m Memory injection check: enabled=true, inject=Auto, workspace_root="/Users/lisatok/not_work/git_widget/.worktrees/true-brook"
[2m2026-05-08T08:15:51.041806Z[0m [32m INFO[0m [2mralph_core::event_loop[0m[2m:[0m Looking for memories at: "/Users/lisatok/not_work/git_widget/.worktrees/true-brook/.ralph/agent/memories.md" (exists: true)
[2m2026-05-08T08:15:51.041933Z[0m [32m INFO[0m [2mralph_core::event_loop[0m[2m:[0m Successfully loaded 3 memories from store
[2m2026-05-08T08:15:51.041950Z[0m [32m INFO[0m [2mralph_core::event_loop[0m[2m:[0m Injecting 3 memories (994 chars) into prompt
[2m2026-05-08T08:15:51.042136Z[0m [32m INFO[0m [2mralph_core::event_loop[0m[2m:[0m Injecting scratchpad (22504 chars) into prompt
[2m2026-05-08T08:15:51.042412Z[0m [32m INFO[0m [2mralph_core::event_loop[0m[2m:[0m Injecting ready tasks (2 ready, 2 open, 13 closed) into prompt
[2m2026-05-08T08:17:27.748561Z[0m [32m INFO[0m [2mralph_core::event_loop[0m[2m:[0m Memory injection check: enabled=true, inject=Auto, workspace_root="/Users/lisatok/not_work/git_widget/.worktrees/true-brook"
[2m2026-05-08T08:17:27.748596Z[0m [32m INFO[0m [2mralph_core::event_loop[0m[2m:[0m Looking for memories at: "/Users/lisatok/not_work/git_widget/.worktrees/true-brook/.ralph/agent/memories.md" (exists: true)
[2m2026-05-08T08:17:27.748711Z[0m [32m INFO[0m [2mralph_core::event_loop[0m[2m:[0m Successfully loaded 3 memories from store
[2m2026-05-08T08:17:27.748724Z[0m [32m INFO[0m [2mralph_core::event_loop[0m[2m:[0m Injecting 3 memories (994 chars) into prompt
[2m2026-05-08T08:17:27.748889Z[0m [32m INFO[0m [2mralph_core::event_loop[0m[2m:[0m Injecting scratchpad (22578 chars) into prompt
[2m2026-05-08T08:17:27.749034Z[0m [32m INFO[0m [2mralph_core::event_loop[0m[2m:[0m Injecting ready tasks (2 ready, 2 open, 13 closed) into prompt
[2m2026-05-08T08:18:46.525699Z[0m [32m INFO[0m [2mralph_core::event_loop[0m[2m:[0m Memory injection check: enabled=true, inject=Auto, workspace_root="/Users/lisatok/not_work/git_widget/.worktrees/true-brook"
[2m2026-05-08T08:18:46.525735Z[0m [32m INFO[0m [2mralph_core::event_loop[0m[2m:[0m Looking for memories at: "/Users/lisatok/not_work/git_widget/.worktrees/true-brook/.ralph/agent/memories.md" (exists: true)
[2m2026-05-08T08:18:46.525847Z[0m [32m INFO[0m [2mralph_core::event_loop[0m[2m:[0m Successfully loaded 3 memories from store
[2m2026-05-08T08:18:46.525857Z[0m [32m INFO[0m [2mralph_core::event_loop[0m[2m:[0m Injecting 3 memories (994 chars) into prompt
[2m2026-05-08T08:18:46.526032Z[0m [32m INFO[0m [2mralph_core::event_loop[0m[2m:[0m Injecting scratchpad (22760 chars) into prompt
[2m2026-05-08T08:18:46.526176Z[0m [32m INFO[0m [2mralph_core::event_loop[0m[2m:[0m Injecting ready tasks (2 ready, 3 open, 12 closed) into prompt
[2m2026-05-08T08:20:16.344855Z[0m [32m INFO[0m [2mralph_core::event_loop[0m[2m:[0m Memory injection check: enabled=true, inject=Auto, workspace_root="/Users/lisatok/not_work/git_widget/.worktrees/true-brook"
[2m2026-05-08T08:20:16.344923Z[0m [32m INFO[0m [2mralph_core::event_loop[0m[2m:[0m Looking for memories at: "/Users/lisatok/not_work/git_widget/.worktrees/true-brook/.ralph/agent/memories.md" (exists: true)
[2m2026-05-08T08:20:16.345032Z[0m [32m INFO[0m [2mralph_core::event_loop[0m[2m:[0m Successfully loaded 3 memories from store
[2m2026-05-08T08:20:16.345053Z[0m [32m INFO[0m [2mralph_core::event_loop[0m[2m:[0m Injecting 3 memories (994 chars) into prompt
[2m2026-05-08T08:20:16.345236Z[0m [32m INFO[0m [2mralph_core::event_loop[0m[2m:[0m Injecting scratchpad (23024 chars) into prompt
[2m2026-05-08T08:20:16.345402Z[0m [32m INFO[0m [2mralph_core::event_loop[0m[2m:[0m Injecting ready tasks (2 ready, 3 open, 12 closed) into prompt
[2m2026-05-08T08:21:33.402244Z[0m [32m INFO[0m [2mralph_core::event_loop[0m[2m:[0m Memory injection check: enabled=true, inject=Auto, workspace_root="/Users/lisatok/not_work/git_widget/.worktrees/true-brook"
[2m2026-05-08T08:21:33.402269Z[0m [32m INFO[0m [2mralph_core::event_loop[0m[2m:[0m Looking for memories at: "/Users/lisatok/not_work/git_widget/.worktrees/true-brook/.ralph/agent/memories.md" (exists: true)
[2m2026-05-08T08:21:33.402379Z[0m [32m INFO[0m [2mralph_core::event_loop[0m[2m:[0m Successfully loaded 3 memories from store
[2m2026-05-08T08:21:33.402391Z[0m [32m INFO[0m [2mralph_core::event_loop[0m[2m:[0m Injecting 3 memories (994 chars) into prompt
[2m2026-05-08T08:21:33.402561Z[0m [32m INFO[0m [2mralph_core::event_loop[0m[2m:[0m Injecting scratchpad (23310 chars) into prompt
[2m2026-05-08T08:21:33.402716Z[0m [32m INFO[0m [2mralph_core::event_loop[0m[2m:[0m Injecting ready tasks (2 ready, 2 open, 13 closed) into prompt
[2m2026-05-08T08:22:28.705083Z[0m [32m INFO[0m [2mralph_core::event_loop[0m[2m:[0m Memory injection check: enabled=true, inject=Auto, workspace_root="/Users/lisatok/not_work/git_widget/.worktrees/true-brook"
[2m2026-05-08T08:22:28.705120Z[0m [32m INFO[0m [2mralph_core::event_loop[0m[2m:[0m Looking for memories at: "/Users/lisatok/not_work/git_widget/.worktrees/true-brook/.ralph/agent/memories.md" (exists: true)
[2m2026-05-08T08:22:28.705240Z[0m [32m INFO[0m [2mralph_core::event_loop[0m[2m:[0m Successfully loaded 3 memories from store
[2m2026-05-08T08:22:28.705256Z[0m [32m INFO[0m [2mralph_core::event_loop[0m[2m:[0m Injecting 3 memories (994 chars) into prompt
[2m2026-05-08T08:22:28.705433Z[0m [32m INFO[0m [2mralph_core::event_loop[0m[2m:[0m Injecting scratchpad (23497 chars) into prompt
[2m2026-05-08T08:22:28.705597Z[0m [32m INFO[0m [2mralph_core::event_loop[0m[2m:[0m Injecting ready tasks (2 ready, 2 open, 13 closed) into prompt
[2m2026-05-08T08:25:15.498960Z[0m [32m INFO[0m [2mralph_core::event_loop[0m[2m:[0m Memory injection check: enabled=true, inject=Auto, workspace_root="/Users/lisatok/not_work/git_widget/.worktrees/true-brook"
[2m2026-05-08T08:25:15.498990Z[0m [32m INFO[0m [2mralph_core::event_loop[0m[2m:[0m Looking for memories at: "/Users/lisatok/not_work/git_widget/.worktrees/true-brook/.ralph/agent/memories.md" (exists: true)
[2m2026-05-08T08:25:15.499104Z[0m [32m INFO[0m [2mralph_core::event_loop[0m[2m:[0m Successfully loaded 3 memories from store
[2m2026-05-08T08:25:15.499118Z[0m [32m INFO[0m [2mralph_core::event_loop[0m[2m:[0m Injecting 3 memories (994 chars) into prompt
[2m2026-05-08T08:25:15.499291Z[0m [32m INFO[0m [2mralph_core::event_loop[0m[2m:[0m Injecting scratchpad (23637 chars) into prompt
[2m2026-05-08T08:25:15.499433Z[0m [32m INFO[0m [2mralph_core::event_loop[0m[2m:[0m Injecting ready tasks (1 ready, 2 open, 13 closed) into prompt
[2m2026-05-08T08:27:36.554542Z[0m [32m INFO[0m [2mralph_core::event_loop[0m[2m:[0m Memory injection check: enabled=true, inject=Auto, workspace_root="/Users/lisatok/not_work/git_widget/.worktrees/true-brook"
[2m2026-05-08T08:27:36.554572Z[0m [32m INFO[0m [2mralph_core::event_loop[0m[2m:[0m Looking for memories at: "/Users/lisatok/not_work/git_widget/.worktrees/true-brook/.ralph/agent/memories.md" (exists: true)
[2m2026-05-08T08:27:36.554678Z[0m [32m INFO[0m [2mralph_core::event_loop[0m[2m:[0m Successfully loaded 3 memories from store
[2m2026-05-08T08:27:36.554690Z[0m [32m INFO[0m [2mralph_core::event_loop[0m[2m:[0m Injecting 3 memories (994 chars) into prompt
[2m2026-05-08T08:27:36.554958Z[0m [32m INFO[0m [2mralph_core::event_loop[0m[2m:[0m Injecting scratchpad (24149 chars) into prompt
[2m2026-05-08T08:27:36.555105Z[0m [32m INFO[0m [2mralph_core::event_loop[0m[2m:[0m Injecting ready tasks (1 ready, 2 open, 13 closed) into prompt
[2m2026-05-08T08:28:56.060694Z[0m [32m INFO[0m [2mralph_core::event_loop[0m[2m:[0m Memory injection check: enabled=true, inject=Auto, workspace_root="/Users/lisatok/not_work/git_widget/.worktrees/true-brook"
[2m2026-05-08T08:28:56.060727Z[0m [32m INFO[0m [2mralph_core::event_loop[0m[2m:[0m Looking for memories at: "/Users/lisatok/not_work/git_widget/.worktrees/true-brook/.ralph/agent/memories.md" (exists: true)
[2m2026-05-08T08:28:56.060837Z[0m [32m INFO[0m [2mralph_core::event_loop[0m[2m:[0m Successfully loaded 3 memories from store
[2m2026-05-08T08:28:56.060854Z[0m [32m INFO[0m [2mralph_core::event_loop[0m[2m:[0m Injecting 3 memories (994 chars) into prompt
[2m2026-05-08T08:28:56.061048Z[0m [32m INFO[0m [2mralph_core::event_loop[0m[2m:[0m Injecting scratchpad (24427 chars) into prompt
[2m2026-05-08T08:28:56.061199Z[0m [32m INFO[0m [2mralph_core::event_loop[0m[2m:[0m Injecting ready tasks (1 ready, 1 open, 14 closed) into prompt
[2m2026-05-08T08:29:23.564612Z[0m [32m INFO[0m [2mralph_core::event_loop[0m[2m:[0m Memory injection check: enabled=true, inject=Auto, workspace_root="/Users/lisatok/not_work/git_widget/.worktrees/true-brook"
[2m2026-05-08T08:29:23.564650Z[0m [32m INFO[0m [2mralph_core::event_loop[0m[2m:[0m Looking for memories at: "/Users/lisatok/not_work/git_widget/.worktrees/true-brook/.ralph/agent/memories.md" (exists: true)
[2m2026-05-08T08:29:23.565002Z[0m [32m INFO[0m [2mralph_core::event_loop[0m[2m:[0m Successfully loaded 3 memories from store
[2m2026-05-08T08:29:23.565025Z[0m [32m INFO[0m [2mralph_core::event_loop[0m[2m:[0m Injecting 3 memories (994 chars) into prompt
[2m2026-05-08T08:29:23.565489Z[0m [32m INFO[0m [2mralph_core::event_loop[0m[2m:[0m Injecting scratchpad (24427 chars) into prompt
[2m2026-05-08T08:29:23.565833Z[0m [32m INFO[0m [2mralph_core::event_loop[0m[2m:[0m Injecting ready tasks (1 ready, 1 open, 14 closed) into prompt
[2m2026-05-08T08:32:22.256704Z[0m [32m INFO[0m [2mralph_core::event_loop[0m[2m:[0m Memory injection check: enabled=true, inject=Auto, workspace_root="/Users/lisatok/not_work/git_widget/.worktrees/true-brook"
[2m2026-05-08T08:32:22.256732Z[0m [32m INFO[0m [2mralph_core::event_loop[0m[2m:[0m Looking for memories at: "/Users/lisatok/not_work/git_widget/.worktrees/true-brook/.ralph/agent/memories.md" (exists: true)
[2m2026-05-08T08:32:22.256842Z[0m [32m INFO[0m [2mralph_core::event_loop[0m[2m:[0m Successfully loaded 3 memories from store
[2m2026-05-08T08:32:22.256855Z[0m [32m INFO[0m [2mralph_core::event_loop[0m[2m:[0m Injecting 3 memories (994 chars) into prompt
[2m2026-05-08T08:32:22.257036Z[0m [32m INFO[0m [2mralph_core::event_loop[0m[2m:[0m Injecting scratchpad (24723 chars) into prompt
[2m2026-05-08T08:32:22.257181Z[0m [32m INFO[0m [2mralph_core::event_loop[0m[2m:[0m Injecting ready tasks (0 ready, 1 open, 14 closed) into prompt
[2m2026-05-08T08:35:34.994518Z[0m [32m INFO[0m [2mralph_core::event_loop[0m[2m:[0m Memory injection check: enabled=true, inject=Auto, workspace_root="/Users/lisatok/not_work/git_widget/.worktrees/true-brook"
[2m2026-05-08T08:35:34.994554Z[0m [32m INFO[0m [2mralph_core::event_loop[0m[2m:[0m Looking for memories at: "/Users/lisatok/not_work/git_widget/.worktrees/true-brook/.ralph/agent/memories.md" (exists: true)
[2m2026-05-08T08:35:34.994667Z[0m [32m INFO[0m [2mralph_core::event_loop[0m[2m:[0m Successfully loaded 3 memories from store
[2m2026-05-08T08:35:34.994678Z[0m [32m INFO[0m [2mralph_core::event_loop[0m[2m:[0m Injecting 3 memories (994 chars) into prompt
[2m2026-05-08T08:35:34.994877Z[0m [32m INFO[0m [2mralph_core::event_loop[0m[2m:[0m Injecting scratchpad (25106 chars) into prompt
[2m2026-05-08T08:35:34.995021Z[0m [32m INFO[0m [2mralph_core::event_loop[0m[2m:[0m Injecting ready tasks (0 ready, 1 open, 14 closed) into prompt
[2m2026-05-08T08:37:15.748283Z[0m [32m INFO[0m [2mralph_core::event_loop[0m[2m:[0m Completion event detected in JSONL [3mtopic[0m[2m=[0mLOOP_COMPLETE
[2m2026-05-08T08:37:15.748482Z[0m [32m INFO[0m [2mralph_core::event_loop[0m[2m:[0m Completion event detected - terminating
[2m2026-05-08T08:37:15.748491Z[0m [32m INFO[0m [2mralph::loop_runner[0m[2m:[0m Completion event LOOP_COMPLETE detected.
[2m2026-05-08T08:37:15.748506Z[0m [32m INFO[0m [2mralph_core::event_loop[0m[2m:[0m Wrapping up: completed. 84 iterations in 2h 50m 44s. [3mreason[0m[2m=[0mcompleted [3miterations[0m[2m=[0m84 [3mduration[0m[2m=[0m2h 50m 44s
[2m2026-05-08T08:37:15.759453Z[0m [32m INFO[0m [2mralph_core::landing[0m[2m:[0m Beginning landing sequence [3mloop_id[0m[2m=[0mtrue-brook
[2m2026-05-08T08:37:15.759574Z[0m [33m WARN[0m [2mralph_core::landing[0m[2m:[0m Landing with 1 open tasks [3mloop_id[0m[2m=[0mtrue-brook [3mopen_tasks[0m[2m=[0m["task-1778211554-aa6a"]
[2m2026-05-08T08:37:15.942856Z[0m [32m INFO[0m [2mralph_core::landing[0m[2m:[0m Auto-committed changes during landing [3mloop_id[0m[2m=[0mtrue-brook [3mcommit[0m[2m=[0mSome("938a6a02184468d22ed77ae6c1ca764b4c994476") [3mfiles[0m[2m=[0m92
[2m2026-05-08T08:37:15.974920Z[0m [33m WARN[0m [2mralph_core::landing[0m[2m:[0m Failed to prune remote refs [3mloop_id[0m[2m=[0mtrue-brook [3merror[0m[2m=[0mGit command failed: Failed to prune remote refs: fatal: 'origin' does not appear to be a git repository
fatal: Could not read from remote repository.

Please make sure you have the correct access rights
and the repository exists.

[2m2026-05-08T08:37:16.021077Z[0m [32m INFO[0m [2mralph_core::landing[0m[2m:[0m Generated handoff file [3mloop_id[0m[2m=[0mtrue-brook [3mpath[0m[2m=[0m/Users/lisatok/not_work/git_widget/.worktrees/true-brook/.ralph/agent/handoff.md [3mcompleted[0m[2m=[0m26 [3mopen[0m[2m=[0m1
[2m2026-05-08T08:37:16.036464Z[0m [32m INFO[0m [2mralph_core::loop_completion[0m[2m:[0m Landing completed with auto-commit [3mcommit[0m[2m=[0mSome("938a6a02184468d22ed77ae6c1ca764b4c994476") [3mhandoff[0m[2m=[0m/Users/lisatok/not_work/git_widget/.worktrees/true-brook/.ralph/agent/handoff.md
[2m2026-05-08T08:37:16.036479Z[0m [32m INFO[0m [2mralph_core::loop_completion[0m[2m:[0m Loop completed - worktree preserved for manual merge (--no-auto-merge) [3mloop_id[0m[2m=[0mtrue-brook [3mworktree[0m[2m=[0m/Users/lisatok/not_work/git_widget/.worktrees/true-brook
[2m2026-05-08T08:37:16.036484Z[0m [32m INFO[0m [2mralph::loop_runner[0m[2m:[0m Loop completed. To merge manually: cd /Users/lisatok/not_work/git_widget/.worktrees/true-brook && git merge [3mloop_id[0m[2m=[0mtrue-brook
