[2m2026-05-11T02:06:50.194046Z[0m [33m WARN[0m [2mralph::loop_runner[0m[2m:[0m Interactive mode requested but stdout is not a TTY, falling back to autonomous
[2m2026-05-11T02:06:50.196799Z[0m [32m INFO[0m [2mralph_core::event_loop[0m[2m:[0m Memory injection check: enabled=true, inject=Auto, workspace_root="/Users/lisatok/not_work/git_widget"
[2m2026-05-11T02:06:50.196823Z[0m [32m INFO[0m [2mralph_core::event_loop[0m[2m:[0m Looking for memories at: "/Users/lisatok/not_work/git_widget/.ralph/agent/memories.md" (exists: true)
[2m2026-05-11T02:06:50.197948Z[0m [32m INFO[0m [2mralph_core::event_loop[0m[2m:[0m Successfully loaded 3 memories from store
[2m2026-05-11T02:06:50.197967Z[0m [32m INFO[0m [2mralph_core::event_loop[0m[2m:[0m Injecting 3 memories (994 chars) into prompt
[2m2026-05-11T02:08:24.082934Z[0m [32m INFO[0m [2mralph_core::event_loop[0m[2m:[0m Memory injection check: enabled=true, inject=Auto, workspace_root="/Users/lisatok/not_work/git_widget"
[2m2026-05-11T02:08:24.082972Z[0m [32m INFO[0m [2mralph_core::event_loop[0m[2m:[0m Looking for memories at: "/Users/lisatok/not_work/git_widget/.ralph/agent/memories.md" (exists: true)
[2m2026-05-11T02:08:24.083079Z[0m [32m INFO[0m [2mralph_core::event_loop[0m[2m:[0m Successfully loaded 3 memories from store
[2m2026-05-11T02:08:24.083097Z[0m [32m INFO[0m [2mralph_core::event_loop[0m[2m:[0m Injecting 3 memories (994 chars) into prompt
[2m2026-05-11T02:08:24.083262Z[0m [32m INFO[0m [2mralph_core::event_loop[0m[2m:[0m Injecting ready tasks (2 ready, 2 open, 0 closed) into prompt
[2m2026-05-11T02:12:49.638151Z[0m [32m INFO[0m [2mralph_core::event_loop[0m[2m:[0m Memory injection check: enabled=true, inject=Auto, workspace_root="/Users/lisatok/not_work/git_widget"
[2m2026-05-11T02:12:49.638188Z[0m [32m INFO[0m [2mralph_core::event_loop[0m[2m:[0m Looking for memories at: "/Users/lisatok/not_work/git_widget/.ralph/agent/memories.md" (exists: true)
[2m2026-05-11T02:12:49.638299Z[0m [32m INFO[0m [2mralph_core::event_loop[0m[2m:[0m Successfully loaded 3 memories from store
[2m2026-05-11T02:12:49.638319Z[0m [32m INFO[0m [2mralph_core::event_loop[0m[2m:[0m Injecting 3 memories (994 chars) into prompt
[2m2026-05-11T02:12:49.638479Z[0m [32m INFO[0m [2mralph_core::event_loop[0m[2m:[0m Injecting ready tasks (1 ready, 2 open, 0 closed) into prompt
[2m2026-05-11T02:15:52.689453Z[0m [32m INFO[0m [2mralph_core::event_loop[0m[2m:[0m Memory injection check: enabled=true, inject=Auto, workspace_root="/Users/lisatok/not_work/git_widget"
[2m2026-05-11T02:15:52.689478Z[0m [32m INFO[0m [2mralph_core::event_loop[0m[2m:[0m Looking for memories at: "/Users/lisatok/not_work/git_widget/.ralph/agent/memories.md" (exists: true)
[2m2026-05-11T02:15:52.689600Z[0m [32m INFO[0m [2mralph_core::event_loop[0m[2m:[0m Successfully loaded 3 memories from store
[2m2026-05-11T02:15:52.689611Z[0m [32m INFO[0m [2mralph_core::event_loop[0m[2m:[0m Injecting 3 memories (994 chars) into prompt
[2m2026-05-11T02:15:52.689927Z[0m [32m INFO[0m [2mralph_core::event_loop[0m[2m:[0m Injecting ready tasks (1 ready, 2 open, 0 closed) into prompt
[2m2026-05-11T02:17:02.885979Z[0m [32m INFO[0m [2mralph_core::event_loop[0m[2m:[0m Memory injection check: enabled=true, inject=Auto, workspace_root="/Users/lisatok/not_work/git_widget"
[2m2026-05-11T02:17:02.886027Z[0m [32m INFO[0m [2mralph_core::event_loop[0m[2m:[0m Looking for memories at: "/Users/lisatok/not_work/git_widget/.ralph/agent/memories.md" (exists: true)
[2m2026-05-11T02:17:02.886313Z[0m [32m INFO[0m [2mralph_core::event_loop[0m[2m:[0m Successfully loaded 3 memories from store
[2m2026-05-11T02:17:02.886335Z[0m [32m INFO[0m [2mralph_core::event_loop[0m[2m:[0m Injecting 3 memories (994 chars) into prompt
[2m2026-05-11T02:17:02.886658Z[0m [32m INFO[0m [2mralph_core::event_loop[0m[2m:[0m Injecting ready tasks (1 ready, 1 open, 1 closed) into prompt
[2m2026-05-11T02:17:40.557786Z[0m [32m INFO[0m [2mralph_core::event_loop[0m[2m:[0m Memory injection check: enabled=true, inject=Auto, workspace_root="/Users/lisatok/not_work/git_widget"
[2m2026-05-11T02:17:40.557850Z[0m [32m INFO[0m [2mralph_core::event_loop[0m[2m:[0m Looking for memories at: "/Users/lisatok/not_work/git_widget/.ralph/agent/memories.md" (exists: true)
[2m2026-05-11T02:17:40.558051Z[0m [32m INFO[0m [2mralph_core::event_loop[0m[2m:[0m Successfully loaded 3 memories from store
[2m2026-05-11T02:17:40.558068Z[0m [32m INFO[0m [2mralph_core::event_loop[0m[2m:[0m Injecting 3 memories (994 chars) into prompt
[2m2026-05-11T02:17:40.558370Z[0m [32m INFO[0m [2mralph_core::event_loop[0m[2m:[0m Injecting ready tasks (1 ready, 1 open, 1 closed) into prompt
[2m2026-05-11T02:20:36.993369Z[0m [32m INFO[0m [2mralph_core::event_loop[0m[2m:[0m Memory injection check: enabled=true, inject=Auto, workspace_root="/Users/lisatok/not_work/git_widget"
[2m2026-05-11T02:20:36.993403Z[0m [32m INFO[0m [2mralph_core::event_loop[0m[2m:[0m Looking for memories at: "/Users/lisatok/not_work/git_widget/.ralph/agent/memories.md" (exists: true)
[2m2026-05-11T02:20:36.993514Z[0m [32m INFO[0m [2mralph_core::event_loop[0m[2m:[0m Successfully loaded 3 memories from store
[2m2026-05-11T02:20:36.993528Z[0m [32m INFO[0m [2mralph_core::event_loop[0m[2m:[0m Injecting 3 memories (994 chars) into prompt
[2m2026-05-11T02:20:36.993684Z[0m [32m INFO[0m [2mralph_core::event_loop[0m[2m:[0m Injecting ready tasks (0 ready, 1 open, 1 closed) into prompt
[2m2026-05-11T02:22:52.792606Z[0m [32m INFO[0m [2mralph_core::event_loop[0m[2m:[0m Memory injection check: enabled=true, inject=Auto, workspace_root="/Users/lisatok/not_work/git_widget"
[2m2026-05-11T02:22:52.792636Z[0m [32m INFO[0m [2mralph_core::event_loop[0m[2m:[0m Looking for memories at: "/Users/lisatok/not_work/git_widget/.ralph/agent/memories.md" (exists: true)
[2m2026-05-11T02:22:52.792746Z[0m [32m INFO[0m [2mralph_core::event_loop[0m[2m:[0m Successfully loaded 3 memories from store
[2m2026-05-11T02:22:52.792759Z[0m [32m INFO[0m [2mralph_core::event_loop[0m[2m:[0m Injecting 3 memories (994 chars) into prompt
[2m2026-05-11T02:22:52.792813Z[0m [32m INFO[0m [2mralph_core::event_loop[0m[2m:[0m Injecting scratchpad (2470 chars) into prompt
[2m2026-05-11T02:22:52.792969Z[0m [32m INFO[0m [2mralph_core::event_loop[0m[2m:[0m Injecting ready tasks (0 ready, 1 open, 1 closed) into prompt
[2m2026-05-11T02:26:15.222431Z[0m [32m INFO[0m [2mralph_core::event_loop[0m[2m:[0m Memory injection check: enabled=true, inject=Auto, workspace_root="/Users/lisatok/not_work/git_widget"
[2m2026-05-11T02:26:15.222470Z[0m [32m INFO[0m [2mralph_core::event_loop[0m[2m:[0m Looking for memories at: "/Users/lisatok/not_work/git_widget/.ralph/agent/memories.md" (exists: true)
[2m2026-05-11T02:26:15.222580Z[0m [32m INFO[0m [2mralph_core::event_loop[0m[2m:[0m Successfully loaded 3 memories from store
[2m2026-05-11T02:26:15.222593Z[0m [32m INFO[0m [2mralph_core::event_loop[0m[2m:[0m Injecting 3 memories (994 chars) into prompt
[2m2026-05-11T02:26:15.222642Z[0m [32m INFO[0m [2mralph_core::event_loop[0m[2m:[0m Injecting scratchpad (5900 chars) into prompt
[2m2026-05-11T02:26:15.222789Z[0m [32m INFO[0m [2mralph_core::event_loop[0m[2m:[0m Injecting ready tasks (0 ready, 1 open, 1 closed) into prompt
[2m2026-05-11T02:31:04.320106Z[0m [32m INFO[0m [2mralph_core::event_loop[0m[2m:[0m Memory injection check: enabled=true, inject=Auto, workspace_root="/Users/lisatok/not_work/git_widget"
[2m2026-05-11T02:31:04.320138Z[0m [32m INFO[0m [2mralph_core::event_loop[0m[2m:[0m Looking for memories at: "/Users/lisatok/not_work/git_widget/.ralph/agent/memories.md" (exists: true)
[2m2026-05-11T02:31:04.320286Z[0m [32m INFO[0m [2mralph_core::event_loop[0m[2m:[0m Successfully loaded 3 memories from store
[2m2026-05-11T02:31:04.320301Z[0m [32m INFO[0m [2mralph_core::event_loop[0m[2m:[0m Injecting 3 memories (994 chars) into prompt
[2m2026-05-11T02:31:04.320373Z[0m [32m INFO[0m [2mralph_core::event_loop[0m[2m:[0m Injecting scratchpad (8753 chars) into prompt
[2m2026-05-11T02:31:04.320544Z[0m [32m INFO[0m [2mralph_core::event_loop[0m[2m:[0m Injecting ready tasks (0 ready, 1 open, 1 closed) into prompt
[2m2026-05-11T02:43:58.881535Z[0m [32m INFO[0m [2mralph_core::event_loop[0m[2m:[0m Memory injection check: enabled=true, inject=Auto, workspace_root="/Users/lisatok/not_work/git_widget"
[2m2026-05-11T02:43:58.881799Z[0m [32m INFO[0m [2mralph_core::event_loop[0m[2m:[0m Looking for memories at: "/Users/lisatok/not_work/git_widget/.ralph/agent/memories.md" (exists: true)
[2m2026-05-11T02:43:58.882101Z[0m [32m INFO[0m [2mralph_core::event_loop[0m[2m:[0m Successfully loaded 3 memories from store
[2m2026-05-11T02:43:58.882116Z[0m [32m INFO[0m [2mralph_core::event_loop[0m[2m:[0m Injecting 3 memories (994 chars) into prompt
[2m2026-05-11T02:43:58.882192Z[0m [32m INFO[0m [2mralph_core::event_loop[0m[2m:[0m Injecting scratchpad (10722 chars) into prompt
[2m2026-05-11T02:43:58.882726Z[0m [32m INFO[0m [2mralph_core::event_loop[0m[2m:[0m Injecting ready tasks (0 ready, 1 open, 1 closed) into prompt
[2m2026-05-11T02:46:59.679963Z[0m [32m INFO[0m [2mralph::rpc_stdin[0m[2m:[0m Stdin closed (EOF), stopping reader task
[2m2026-05-11T02:47:13.164681Z[0m [33m WARN[0m [2mralph_adapters::json_rpc_handler[0m[2m:[0m Failed to write JSON-RPC event [3merror[0m[2m=[0mBroken pipe (os error 32)
